This file contains any messages produced by compilers while
running configure, to aid debugging if configure makes a mistake.

It was created by GNU Cobol configure 1.1, which was
generated by GNU Autoconf 2.59.  Invocation command line was

  $ ./configure --prefix=/mingw

## --------- ##
## Platform. ##
## --------- ##

hostname = gc_build
uname -m = i686
uname -r = 1.0.18(0.48/3/2)
uname -s = MINGW32_NT-6.2
uname -v = 2012-11-21 22:34

/usr/bin/uname -p = unknown
/bin/uname -X     = unknown

/bin/arch              = unknown
/usr/bin/arch -k       = unknown
/usr/convex/getsysinfo = unknown
hostinfo               = unknown
/bin/machine           = unknown
/usr/bin/oslevel       = unknown
/bin/universe          = unknown

PATH: .
PATH: /usr/local/bin
PATH: /mingw/bin
PATH: /bin
PATH: /c/ProgramData/Oracle/Java/javapath
PATH: /c/WINDOWS/system32
PATH: /c/WINDOWS
PATH: /c/WINDOWS/System32/Wbem
PATH: /c/WINDOWS/System32/WindowsPowerShell/v1.0/
PATH: /c/WINDOWS/system32/config/systemprofile/.dnx/bin


## ----------- ##
## Core tests. ##
## ----------- ##

configure:1593: checking for a BSD-compatible install
configure:1648: result: /bin/install -c
configure:1659: checking whether build environment is sane
configure:1702: result: yes
configure:1767: checking for gawk
configure:1783: found /bin/gawk
configure:1793: result: gawk
configure:1803: checking whether make sets $(MAKE)
configure:1823: result: yes
configure:1991: checking whether to enable maintainer-specific portions of Makefiles
configure:2000: result: no
configure:2136: checking for gcc
configure:2152: found /mingw/bin/gcc
configure:2162: result: gcc
configure:2183: checking for C compiler version
configure:2186: gcc --version </dev/null >&5
gcc.exe (GCC) 4.8.1
Copyright (C) 2013 Free Software Foundation, Inc.
This is free software; see the source for copying conditions.  There is NO
warranty; not even for MERCHANTABILITY or FITNESS FOR A PARTICULAR PURPOSE.

configure:2189: $? = 0
configure:2191: gcc -v </dev/null >&5
Using built-in specs.
COLLECT_GCC=D:\dev\mingw\bin\gcc.exe
COLLECT_LTO_WRAPPER=D:/dev/mingw/bin/../libexec/gcc/mingw32/4.8.1/lto-wrapper.exe
Target: mingw32
Configured with: ../gcc-4.8.1/configure --prefix=/mingw --host=mingw32 --build=mingw32 --without-pic --enable-shared --enable-static --with-gnu-ld --enable-lto --enable-libssp --disable-multilib --enable-languages=c,c++,fortran,objc,obj-c++,ada --disable-sjlj-exceptions --with-dwarf2 --disable-win32-registry --enable-libstdcxx-debug --enable-version-specific-runtime-libs --with-gmp=/usr/src/pkg/gmp-5.1.2-1-mingw32-src/bld --with-mpc=/usr/src/pkg/mpc-1.0.1-1-mingw32-src/bld --with-mpfr= --with-system-zlib --with-gnu-as --enable-decimal-float=yes --enable-libgomp --enable-threads --with-libiconv-prefix=/mingw32 --with-libintl-prefix=/mingw --disable-bootstrap LDFLAGS=-s CFLAGS=-D_USE_32BIT_TIME_T
Thread model: win32
gcc version 4.8.1 (GCC) 
configure:2194: $? = 0
configure:2196: gcc -V </dev/null >&5
gcc.exe: error: unrecognized command line option '-V'
gcc.exe: fatal error: no input files
compilation terminated.
configure:2199: $? = 1
configure:2222: checking for C compiler default output file name
configure:2225: gcc    conftest.c  >&5
configure:2228: $? = 0
configure:2274: result: a.exe
configure:2279: checking whether the C compiler works
configure:2285: ./a.exe
configure:2288: $? = 0
configure:2305: result: yes
configure:2312: checking whether we are cross compiling
configure:2314: result: no
configure:2317: checking for suffix of executables
configure:2319: gcc -o conftest.exe    conftest.c  >&5
configure:2322: $? = 0
configure:2347: result: .exe
configure:2353: checking for suffix of object files
configure:2374: gcc -c   conftest.c >&5
configure:2377: $? = 0
configure:2399: result: o
configure:2403: checking whether we are using the GNU C compiler
configure:2427: gcc -c   conftest.c >&5
configure:2433: $? = 0
configure:2437: test -z 
			 || test ! -s conftest.err
configure:2440: $? = 0
configure:2443: test -s conftest.o
configure:2446: $? = 0
configure:2459: result: yes
configure:2465: checking whether gcc accepts -g
configure:2486: gcc -c -g  conftest.c >&5
configure:2492: $? = 0
configure:2496: test -z 
			 || test ! -s conftest.err
configure:2499: $? = 0
configure:2502: test -s conftest.o
configure:2505: $? = 0
configure:2516: result: yes
configure:2533: checking for gcc option to accept ANSI C
configure:2603: gcc  -c -g -O2  conftest.c >&5
configure:2609: $? = 0
configure:2613: test -z 
			 || test ! -s conftest.err
configure:2616: $? = 0
configure:2619: test -s conftest.o
configure:2622: $? = 0
configure:2640: result: none needed
configure:2658: gcc -c -g -O2  conftest.c >&5
conftest.c:2:3: error: unknown type name 'choke'
   choke me
   ^
conftest.c:2:3: error: expected '=', ',', ';', 'asm' or '__attribute__' at end of input
configure:2664: $? = 1
configure: failed program was:
| #ifndef __cplusplus
|   choke me
| #endif
configure:2808: checking for style of include used by make
configure:2836: result: GNU
configure:2864: checking dependency style of gcc
configure:2954: result: gcc3
configure:2976: checking how to run the C preprocessor
configure:3011: gcc -E  conftest.c
configure:3017: $? = 0
configure:3049: gcc -E  conftest.c
conftest.c:12:28: fatal error: ac_nonexistent.h: No such file or directory
 #include <ac_nonexistent.h>
                            ^
compilation terminated.
configure:3055: $? = 1
configure: failed program was:
| /* confdefs.h.  */
| 
| #define PACKAGE_NAME "GNU Cobol"
| #define PACKAGE_TARNAME "gnu-cobol"
| #define PACKAGE_VERSION "1.1"
| #define PACKAGE_STRING "GNU Cobol 1.1"
| #define PACKAGE_BUGREPORT "open-cobol-list@lists.sourceforge.net"
| #define PACKAGE "gnu-cobol"
| #define VERSION "1.1"
| #define __USE_STRING_INLINES 1
| /* end confdefs.h.  */
| #include <ac_nonexistent.h>
configure:3094: result: gcc -E
configure:3118: gcc -E  conftest.c
configure:3124: $? = 0
configure:3156: gcc -E  conftest.c
conftest.c:12:28: fatal error: ac_nonexistent.h: No such file or directory
 #include <ac_nonexistent.h>
                            ^
compilation terminated.
configure:3162: $? = 1
configure: failed program was:
| /* confdefs.h.  */
| 
| #define PACKAGE_NAME "GNU Cobol"
| #define PACKAGE_TARNAME "gnu-cobol"
| #define PACKAGE_VERSION "1.1"
| #define PACKAGE_STRING "GNU Cobol 1.1"
| #define PACKAGE_BUGREPORT "open-cobol-list@lists.sourceforge.net"
| #define PACKAGE "gnu-cobol"
| #define VERSION "1.1"
| #define __USE_STRING_INLINES 1
| /* end confdefs.h.  */
| #include <ac_nonexistent.h>
configure:3205: checking for egrep
configure:3215: result: grep -E
configure:3248: checking for ANSI C header files
configure:3273: gcc -c -g -O2  conftest.c >&5
configure:3279: $? = 0
configure:3283: test -z 
			 || test ! -s conftest.err
configure:3286: $? = 0
configure:3289: test -s conftest.o
configure:3292: $? = 0
configure:3381: gcc -o conftest.exe -g -O2   conftest.c  >&5
conftest.c: In function 'main':
conftest.c:29:7: warning: incompatible implicit declaration of built-in function 'exit' [enabled by default]
       exit(2);
       ^
configure:3384: $? = 0
configure:3386: ./conftest.exe
configure:3389: $? = 0
configure:3404: result: yes
configure:3428: checking for sys/types.h
configure:3444: gcc -c -g -O2  conftest.c >&5
configure:3450: $? = 0
configure:3454: test -z 
			 || test ! -s conftest.err
configure:3457: $? = 0
configure:3460: test -s conftest.o
configure:3463: $? = 0
configure:3474: result: yes
configure:3428: checking for sys/stat.h
configure:3444: gcc -c -g -O2  conftest.c >&5
configure:3450: $? = 0
configure:3454: test -z 
			 || test ! -s conftest.err
configure:3457: $? = 0
configure:3460: test -s conftest.o
configure:3463: $? = 0
configure:3474: result: yes
configure:3428: checking for stdlib.h
configure:3444: gcc -c -g -O2  conftest.c >&5
configure:3450: $? = 0
configure:3454: test -z 
			 || test ! -s conftest.err
configure:3457: $? = 0
configure:3460: test -s conftest.o
configure:3463: $? = 0
configure:3474: result: yes
configure:3428: checking for string.h
configure:3444: gcc -c -g -O2  conftest.c >&5
configure:3450: $? = 0
configure:3454: test -z 
			 || test ! -s conftest.err
configure:3457: $? = 0
configure:3460: test -s conftest.o
configure:3463: $? = 0
configure:3474: result: yes
configure:3428: checking for memory.h
configure:3444: gcc -c -g -O2  conftest.c >&5
configure:3450: $? = 0
configure:3454: test -z 
			 || test ! -s conftest.err
configure:3457: $? = 0
configure:3460: test -s conftest.o
configure:3463: $? = 0
configure:3474: result: yes
configure:3428: checking for strings.h
configure:3444: gcc -c -g -O2  conftest.c >&5
configure:3450: $? = 0
configure:3454: test -z 
			 || test ! -s conftest.err
configure:3457: $? = 0
configure:3460: test -s conftest.o
configure:3463: $? = 0
configure:3474: result: yes
configure:3428: checking for inttypes.h
configure:3444: gcc -c -g -O2  conftest.c >&5
configure:3450: $? = 0
configure:3454: test -z 
			 || test ! -s conftest.err
configure:3457: $? = 0
configure:3460: test -s conftest.o
configure:3463: $? = 0
configure:3474: result: yes
configure:3428: checking for stdint.h
configure:3444: gcc -c -g -O2  conftest.c >&5
configure:3450: $? = 0
configure:3454: test -z 
			 || test ! -s conftest.err
configure:3457: $? = 0
configure:3460: test -s conftest.o
configure:3463: $? = 0
configure:3474: result: yes
configure:3428: checking for unistd.h
configure:3444: gcc -c -g -O2  conftest.c >&5
configure:3450: $? = 0
configure:3454: test -z 
			 || test ! -s conftest.err
configure:3457: $? = 0
configure:3460: test -s conftest.o
configure:3463: $? = 0
configure:3474: result: yes
configure:4401: checking whether ln -s works
configure:4405: result: yes
configure:4425: checking for a BSD-compatible install
configure:4480: result: /bin/install -c
configure:4573: checking build system type
configure:4591: result: i686-pc-mingw32
configure:4599: checking host system type
configure:4613: result: i686-pc-mingw32
configure:4621: checking for a sed that does not truncate output
configure:4677: result: /bin/sed
configure:4691: checking for ld used by gcc
configure:4758: result: D:/dev/mingw/mingw32/bin/ld.exe
configure:4767: checking if the linker (D:/dev/mingw/mingw32/bin/ld.exe) is GNU ld
configure:4782: result: yes
configure:4787: checking for D:/dev/mingw/mingw32/bin/ld.exe option to reload object files
configure:4794: result: -r
configure:4812: checking for BSD-compatible nm
configure:4861: result: /mingw/bin/nm
configure:4865: checking how to recognize dependent libraries
configure:5051: result: file_magic ^x86 archive import|^x86 DLL
configure:5325: checking for dlltool
configure:5341: found /mingw/bin/dlltool
configure:5352: result: dlltool
configure:5405: checking for as
configure:5421: found /mingw/bin/as
configure:5432: result: as
configure:5485: checking for objdump
configure:5501: found /mingw/bin/objdump
configure:5512: result: objdump
configure:5545: checking dlfcn.h usability
configure:5557: gcc -c -g -O2  conftest.c >&5
configure:5563: $? = 0
configure:5567: test -z 
			 || test ! -s conftest.err
configure:5570: $? = 0
configure:5573: test -s conftest.o
configure:5576: $? = 0
configure:5586: result: yes
configure:5590: checking dlfcn.h presence
configure:5600: gcc -E  conftest.c
configure:5606: $? = 0
configure:5626: result: yes
configure:5661: checking for dlfcn.h
configure:5668: result: yes
configure:5924: checking the maximum length of command line arguments
configure:6036: result: 8192
configure:6048: checking command to parse /mingw/bin/nm output from gcc object
configure:6153: gcc -c -g -O2  conftest.c >&5
configure:6156: $? = 0
configure:6160: /mingw/bin/nm conftest.o \| sed -n -e 's/^.*[ 	]\([ABCDGIRSTW][ABCDGIRSTW]*\)[ 	][ 	]*\([_A-Za-z][_A-Za-z0-9]*\)\{0,1\}$/\1 \2 \2/p' \> conftest.nm
configure:6163: $? = 0
cannot find nm_test_var in conftest.nm
configure:6153: gcc -c -g -O2  conftest.c >&5
configure:6156: $? = 0
configure:6160: /mingw/bin/nm conftest.o \| sed -n -e 's/^.*[ 	]\([ABCDGIRSTW][ABCDGIRSTW]*\)[ 	][ 	]*_\([_A-Za-z][_A-Za-z0-9]*\)\{0,1\}$/\1 _\2 \2/p' \> conftest.nm
configure:6163: $? = 0
configure:6215: gcc -o conftest.exe -g -O2   conftest.c conftstm.o >&5
configure:6218: $? = 0
configure:6256: result: ok
configure:6260: checking for objdir
configure:6275: result: .libs
configure:6365: checking for ar
configure:6381: found /mingw/bin/ar
configure:6392: result: ar
configure:6445: checking for ranlib
configure:6461: found /mingw/bin/ranlib
configure:6472: result: ranlib
configure:6525: checking for strip
configure:6541: found /mingw/bin/strip
configure:6552: result: strip
configure:6824: checking if gcc supports -fno-rtti -fno-exceptions
configure:6842: gcc -c -g -O2  -fno-rtti -fno-exceptions conftest.c >&5
cc1.exe: warning: command line option '-fno-rtti' is valid for C++/ObjC++ but not for C [enabled by default]
configure:6846: $? = 0
configure:6859: result: no
configure:6874: checking for gcc option to produce PIC
configure:7106: result: -DDLL_EXPORT
configure:7114: checking if gcc PIC flag -DDLL_EXPORT works
configure:7132: gcc -c -g -O2  -DDLL_EXPORT -DPIC conftest.c >&5
configure:7136: $? = 0
configure:7149: result: yes
configure:7177: checking if gcc static flag -static works
configure:7205: result: yes
configure:7215: checking if gcc supports -c -o file.o
configure:7236: gcc -c -g -O2  -o out/conftest2.o conftest.c >&5
configure:7240: $? = 0
configure:7262: result: yes
configure:7288: checking whether the gcc linker (D:/dev/mingw/mingw32/bin/ld.exe) supports shared libraries
configure:8272: result: yes
configure:8293: checking whether -lc should be explicitly linked in
configure:8298: gcc -c -g -O2  conftest.c >&5
configure:8301: $? = 0
configure:8316: gcc -shared conftest.o  -v -o ./conftest -Wl,--enable-auto-image-base -Xlinker --out-implib -Xlinker conftest 2\>\&1 \| grep  -lc  \>/dev/null 2\>\&1
configure:8319: $? = 1
configure:8331: result: yes
configure:8339: checking dynamic linker characteristics
configure:8941: result: Win32 ld.exe
configure:8950: checking how to hardcode library paths into programs
configure:8975: result: immediate
configure:8989: checking whether stripping libraries is possible
configure:8994: result: yes
configure:9829: checking if libtool supports shared libraries
configure:9831: result: yes
configure:9834: checking whether to build shared libraries
configure:9855: result: yes
configure:9858: checking whether to build static libraries
configure:9862: result: yes
configure:9955: creating libtool
configure:19159: checking whether make sets $(MAKE)
configure:19179: result: yes
configure:19190: checking for ANSI C header files
configure:19346: result: yes
configure:19371: checking for stdint.h
configure:19376: result: yes
configure:19371: checking for sys/types.h
configure:19376: result: yes
configure:19380: checking signal.h usability
configure:19392: gcc -c -g -O2  conftest.c >&5
configure:19398: $? = 0
configure:19402: test -z 
			 || test ! -s conftest.err
configure:19405: $? = 0
configure:19408: test -s conftest.o
configure:19411: $? = 0
configure:19421: result: yes
configure:19425: checking signal.h presence
configure:19435: gcc -E  conftest.c
configure:19441: $? = 0
configure:19461: result: yes
configure:19496: checking for signal.h
configure:19503: result: yes
configure:19380: checking fcntl.h usability
configure:19392: gcc -c -g -O2  conftest.c >&5
configure:19398: $? = 0
configure:19402: test -z 
			 || test ! -s conftest.err
configure:19405: $? = 0
configure:19408: test -s conftest.o
configure:19411: $? = 0
configure:19421: result: yes
configure:19425: checking fcntl.h presence
configure:19435: gcc -E  conftest.c
configure:19441: $? = 0
configure:19461: result: yes
configure:19496: checking for fcntl.h
configure:19503: result: yes
configure:19380: checking malloc.h usability
configure:19392: gcc -c -g -O2  conftest.c >&5
configure:19398: $? = 0
configure:19402: test -z 
			 || test ! -s conftest.err
configure:19405: $? = 0
configure:19408: test -s conftest.o
configure:19411: $? = 0
configure:19421: result: yes
configure:19425: checking malloc.h presence
configure:19435: gcc -E  conftest.c
configure:19441: $? = 0
configure:19461: result: yes
configure:19496: checking for malloc.h
configure:19503: result: yes
configure:19380: checking locale.h usability
configure:19392: gcc -c -g -O2  conftest.c >&5
configure:19398: $? = 0
configure:19402: test -z 
			 || test ! -s conftest.err
configure:19405: $? = 0
configure:19408: test -s conftest.o
configure:19411: $? = 0
configure:19421: result: yes
configure:19425: checking locale.h presence
configure:19435: gcc -E  conftest.c
configure:19441: $? = 0
configure:19461: result: yes
configure:19496: checking for locale.h
configure:19503: result: yes
configure:19380: checking stddef.h usability
configure:19392: gcc -c -g -O2  conftest.c >&5
configure:19398: $? = 0
configure:19402: test -z 
			 || test ! -s conftest.err
configure:19405: $? = 0
configure:19408: test -s conftest.o
configure:19411: $? = 0
configure:19421: result: yes
configure:19425: checking stddef.h presence
configure:19435: gcc -E  conftest.c
configure:19441: $? = 0
configure:19461: result: yes
configure:19496: checking for stddef.h
configure:19503: result: yes
configure:19380: checking wchar.h usability
configure:19392: gcc -c -g -O2  conftest.c >&5
configure:19398: $? = 0
configure:19402: test -z 
			 || test ! -s conftest.err
configure:19405: $? = 0
configure:19408: test -s conftest.o
configure:19411: $? = 0
configure:19421: result: yes
configure:19425: checking wchar.h presence
configure:19435: gcc -E  conftest.c
configure:19441: $? = 0
configure:19461: result: yes
configure:19496: checking for wchar.h
configure:19503: result: yes
configure:19371: checking for dlfcn.h
configure:19376: result: yes
configure:19380: checking sys/time.h usability
configure:19392: gcc -c -g -O2  conftest.c >&5
configure:19398: $? = 0
configure:19402: test -z 
			 || test ! -s conftest.err
configure:19405: $? = 0
configure:19408: test -s conftest.o
configure:19411: $? = 0
configure:19421: result: yes
configure:19425: checking sys/time.h presence
configure:19435: gcc -E  conftest.c
configure:19441: $? = 0
configure:19461: result: yes
configure:19496: checking for sys/time.h
configure:19503: result: yes
configure:19518: checking for an ANSI C-conforming const
configure:19585: gcc -c -g -O2  conftest.c >&5
configure:19591: $? = 0
configure:19595: test -z 
			 || test ! -s conftest.err
configure:19598: $? = 0
configure:19601: test -s conftest.o
configure:19604: $? = 0
configure:19615: result: yes
configure:19625: checking whether byte ordering is bigendian
configure:19652: gcc -c -g -O2  conftest.c >&5
configure:19658: $? = 0
configure:19662: test -z 
			 || test ! -s conftest.err
configure:19665: $? = 0
configure:19668: test -s conftest.o
configure:19671: $? = 0
configure:19695: gcc -c -g -O2  conftest.c >&5
conftest.c: In function 'main':
conftest.c:44:2: error: unknown type name 'not'
  not big endian
  ^
conftest.c:44:10: error: expected '=', ',', ';', 'asm' or '__attribute__' before 'endian'
  not big endian
          ^
configure:19701: $? = 1
configure: failed program was:
| /* confdefs.h.  */
| 
| #define PACKAGE_NAME "GNU Cobol"
| #define PACKAGE_TARNAME "gnu-cobol"
| #define PACKAGE_VERSION "1.1"
| #define PACKAGE_STRING "GNU Cobol 1.1"
| #define PACKAGE_BUGREPORT "open-cobol-list@lists.sourceforge.net"
| #define PACKAGE "gnu-cobol"
| #define VERSION "1.1"
| #define __USE_STRING_INLINES 1
| #define STDC_HEADERS 1
| #define HAVE_SYS_TYPES_H 1
| #define HAVE_SYS_STAT_H 1
| #define HAVE_STDLIB_H 1
| #define HAVE_STRING_H 1
| #define HAVE_MEMORY_H 1
| #define HAVE_STRINGS_H 1
| #define HAVE_INTTYPES_H 1
| #define HAVE_STDINT_H 1
| #define HAVE_UNISTD_H 1
| #define WITH_DB 3
| #define PATCH_LEVEL 0
| #define WITH_VARSEQ 0
| #define HAVE_DLFCN_H 1
| #define STDC_HEADERS 1
| #define HAVE_STDINT_H 1
| #define HAVE_SYS_TYPES_H 1
| #define HAVE_SIGNAL_H 1
| #define HAVE_FCNTL_H 1
| #define HAVE_MALLOC_H 1
| #define HAVE_LOCALE_H 1
| #define HAVE_STDDEF_H 1
| #define HAVE_WCHAR_H 1
| #define HAVE_DLFCN_H 1
| #define HAVE_SYS_TIME_H 1
| /* end confdefs.h.  */
| #include <sys/types.h>
| #include <sys/param.h>
| 
| int
| main ()
| {
| #if BYTE_ORDER != BIG_ENDIAN
|  not big endian
| #endif
| 
|   ;
|   return 0;
| }
configure:19836: result: no
configure:19855: checking for size_t
configure:19879: gcc -c -g -O2  conftest.c >&5
configure:19885: $? = 0
configure:19889: test -z 
			 || test ! -s conftest.err
configure:19892: $? = 0
configure:19895: test -s conftest.o
configure:19898: $? = 0
configure:19909: result: yes
configure:19921: checking whether struct tm is in sys/time.h or time.h
configure:19944: gcc -c -g -O2  conftest.c >&5
configure:19950: $? = 0
configure:19954: test -z 
			 || test ! -s conftest.err
configure:19957: $? = 0
configure:19960: test -s conftest.o
configure:19963: $? = 0
configure:19974: result: time.h
configure:19985: checking for inline
configure:20006: gcc -c -g -O2  conftest.c >&5
configure:20012: $? = 0
configure:20016: test -z 
			 || test ! -s conftest.err
configure:20019: $? = 0
configure:20022: test -s conftest.o
configure:20025: $? = 0
configure:20037: result: inline
configure:20068: checking for working alloca.h
configure:20089: gcc -o conftest.exe -g -O2   conftest.c  >&5
conftest.c:38:20: fatal error: alloca.h: No such file or directory
 #include <alloca.h>
                    ^
compilation terminated.
configure:20095: $? = 1
configure: failed program was:
| /* confdefs.h.  */
| 
| #define PACKAGE_NAME "GNU Cobol"
| #define PACKAGE_TARNAME "gnu-cobol"
| #define PACKAGE_VERSION "1.1"
| #define PACKAGE_STRING "GNU Cobol 1.1"
| #define PACKAGE_BUGREPORT "open-cobol-list@lists.sourceforge.net"
| #define PACKAGE "gnu-cobol"
| #define VERSION "1.1"
| #define __USE_STRING_INLINES 1
| #define STDC_HEADERS 1
| #define HAVE_SYS_TYPES_H 1
| #define HAVE_SYS_STAT_H 1
| #define HAVE_STDLIB_H 1
| #define HAVE_STRING_H 1
| #define HAVE_MEMORY_H 1
| #define HAVE_STRINGS_H 1
| #define HAVE_INTTYPES_H 1
| #define HAVE_STDINT_H 1
| #define HAVE_UNISTD_H 1
| #define WITH_DB 3
| #define PATCH_LEVEL 0
| #define WITH_VARSEQ 0
| #define HAVE_DLFCN_H 1
| #define STDC_HEADERS 1
| #define HAVE_STDINT_H 1
| #define HAVE_SYS_TYPES_H 1
| #define HAVE_SIGNAL_H 1
| #define HAVE_FCNTL_H 1
| #define HAVE_MALLOC_H 1
| #define HAVE_LOCALE_H 1
| #define HAVE_STDDEF_H 1
| #define HAVE_WCHAR_H 1
| #define HAVE_DLFCN_H 1
| #define HAVE_SYS_TIME_H 1
| #define COB_HAS_INLINE 1
| /* end confdefs.h.  */
| #include <alloca.h>
| int
| main ()
| {
| char *p = (char *) alloca (2 * sizeof (int));
|   ;
|   return 0;
| }
configure:20120: result: no
configure:20130: checking for alloca
configure:20171: gcc -o conftest.exe -g -O2   conftest.c  >&5
configure:20177: $? = 0
configure:20181: test -z 
			 || test ! -s conftest.err
configure:20184: $? = 0
configure:20187: test -s conftest.exe
configure:20190: $? = 0
configure:20202: result: yes
configure:20429: checking for vprintf
configure:20486: gcc -o conftest.exe -g -O2   conftest.c  >&5
conftest.c:63:6: warning: conflicting types for built-in function 'vprintf' [enabled by default]
 char vprintf ();
      ^
configure:20492: $? = 0
configure:20496: test -z 
			 || test ! -s conftest.err
configure:20499: $? = 0
configure:20502: test -s conftest.exe
configure:20505: $? = 0
configure:20517: result: yes
configure:20524: checking for _doprnt
configure:20581: gcc -o conftest.exe -g -O2   conftest.c  >&5
C:\Users\Simon\AppData\Local\Temp\cceY6fKH.o:conftest.c:(.data+0x0): undefined reference to `_doprnt'
C:\Users\Simon\AppData\Local\Temp\cceY6fKH.o: In function `main':
D:\dev\mingw\own_build\gnu-cobol-1.1/conftest.c:80: undefined reference to `_doprnt'
collect2.exe: error: ld returned 1 exit status
configure:20587: $? = 1
configure: failed program was:
| /* confdefs.h.  */
| 
| #define PACKAGE_NAME "GNU Cobol"
| #define PACKAGE_TARNAME "gnu-cobol"
| #define PACKAGE_VERSION "1.1"
| #define PACKAGE_STRING "GNU Cobol 1.1"
| #define PACKAGE_BUGREPORT "open-cobol-list@lists.sourceforge.net"
| #define PACKAGE "gnu-cobol"
| #define VERSION "1.1"
| #define __USE_STRING_INLINES 1
| #define STDC_HEADERS 1
| #define HAVE_SYS_TYPES_H 1
| #define HAVE_SYS_STAT_H 1
| #define HAVE_STDLIB_H 1
| #define HAVE_STRING_H 1
| #define HAVE_MEMORY_H 1
| #define HAVE_STRINGS_H 1
| #define HAVE_INTTYPES_H 1
| #define HAVE_STDINT_H 1
| #define HAVE_UNISTD_H 1
| #define WITH_DB 3
| #define PATCH_LEVEL 0
| #define WITH_VARSEQ 0
| #define HAVE_DLFCN_H 1
| #define STDC_HEADERS 1
| #define HAVE_STDINT_H 1
| #define HAVE_SYS_TYPES_H 1
| #define HAVE_SIGNAL_H 1
| #define HAVE_FCNTL_H 1
| #define HAVE_MALLOC_H 1
| #define HAVE_LOCALE_H 1
| #define HAVE_STDDEF_H 1
| #define HAVE_WCHAR_H 1
| #define HAVE_DLFCN_H 1
| #define HAVE_SYS_TIME_H 1
| #define COB_HAS_INLINE 1
| #define HAVE_ALLOCA 1
| #define HAVE_VPRINTF 1
| /* end confdefs.h.  */
| /* Define _doprnt to an innocuous variant, in case <limits.h> declares _doprnt.
|    For example, HP-UX 11i <limits.h> declares gettimeofday.  */
| #define _doprnt innocuous__doprnt
| 
| /* System header to define __stub macros and hopefully few prototypes,
|     which can conflict with char _doprnt (); below.
|     Prefer <limits.h> to <assert.h> if __STDC__ is defined, since
|     <limits.h> exists even on freestanding compilers.  */
| 
| #ifdef __STDC__
| # include <limits.h>
| #else
| # include <assert.h>
| #endif
| 
| #undef _doprnt
| 
| /* Override any gcc2 internal prototype to avoid an error.  */
| #ifdef __cplusplus
| extern "C"
| {
| #endif
| /* We use char because int might match the return type of a gcc2
|    builtin and then its argument prototype would still apply.  */
| char _doprnt ();
| /* The GNU C library defines this for functions which it implements
|     to always fail with ENOSYS.  Some functions are actually named
|     something starting with __ and the normal name is an alias.  */
| #if defined (__stub__doprnt) || defined (__stub____doprnt)
| choke me
| #else
| char (*f) () = _doprnt;
| #endif
| #ifdef __cplusplus
| }
| #endif
| 
| int
| main ()
| {
| return f != _doprnt;
|   ;
|   return 0;
| }
configure:20612: result: no
configure:20642: checking for memmove
configure:20699: gcc -o conftest.exe -g -O2   conftest.c  >&5
conftest.c:64:6: warning: conflicting types for built-in function 'memmove' [enabled by default]
 char memmove ();
      ^
configure:20705: $? = 0
configure:20709: test -z 
			 || test ! -s conftest.err
configure:20712: $? = 0
configure:20715: test -s conftest.exe
configure:20718: $? = 0
configure:20730: result: yes
configure:20642: checking for memset
configure:20699: gcc -o conftest.exe -g -O2   conftest.c  >&5
conftest.c:65:6: warning: conflicting types for built-in function 'memset' [enabled by default]
 char memset ();
      ^
configure:20705: $? = 0
configure:20709: test -z 
			 || test ! -s conftest.err
configure:20712: $? = 0
configure:20715: test -s conftest.exe
configure:20718: $? = 0
configure:20730: result: yes
configure:20642: checking for setlocale
configure:20699: gcc -o conftest.exe -g -O2   conftest.c  >&5
configure:20705: $? = 0
configure:20709: test -z 
			 || test ! -s conftest.err
configure:20712: $? = 0
configure:20715: test -s conftest.exe
configure:20718: $? = 0
configure:20730: result: yes
configure:20642: checking for fcntl
configure:20699: gcc -o conftest.exe -g -O2   conftest.c  >&5
C:\Users\Simon\AppData\Local\Temp\ccEvDOqr.o:conftest.c:(.data+0x0): undefined reference to `fcntl'
C:\Users\Simon\AppData\Local\Temp\ccEvDOqr.o: In function `main':
D:\dev\mingw\own_build\gnu-cobol-1.1/conftest.c:83: undefined reference to `fcntl'
collect2.exe: error: ld returned 1 exit status
configure:20705: $? = 1
configure: failed program was:
| /* confdefs.h.  */
| 
| #define PACKAGE_NAME "GNU Cobol"
| #define PACKAGE_TARNAME "gnu-cobol"
| #define PACKAGE_VERSION "1.1"
| #define PACKAGE_STRING "GNU Cobol 1.1"
| #define PACKAGE_BUGREPORT "open-cobol-list@lists.sourceforge.net"
| #define PACKAGE "gnu-cobol"
| #define VERSION "1.1"
| #define __USE_STRING_INLINES 1
| #define STDC_HEADERS 1
| #define HAVE_SYS_TYPES_H 1
| #define HAVE_SYS_STAT_H 1
| #define HAVE_STDLIB_H 1
| #define HAVE_STRING_H 1
| #define HAVE_MEMORY_H 1
| #define HAVE_STRINGS_H 1
| #define HAVE_INTTYPES_H 1
| #define HAVE_STDINT_H 1
| #define HAVE_UNISTD_H 1
| #define WITH_DB 3
| #define PATCH_LEVEL 0
| #define WITH_VARSEQ 0
| #define HAVE_DLFCN_H 1
| #define STDC_HEADERS 1
| #define HAVE_STDINT_H 1
| #define HAVE_SYS_TYPES_H 1
| #define HAVE_SIGNAL_H 1
| #define HAVE_FCNTL_H 1
| #define HAVE_MALLOC_H 1
| #define HAVE_LOCALE_H 1
| #define HAVE_STDDEF_H 1
| #define HAVE_WCHAR_H 1
| #define HAVE_DLFCN_H 1
| #define HAVE_SYS_TIME_H 1
| #define COB_HAS_INLINE 1
| #define HAVE_ALLOCA 1
| #define HAVE_VPRINTF 1
| #define HAVE_MEMMOVE 1
| #define HAVE_MEMSET 1
| #define HAVE_SETLOCALE 1
| /* end confdefs.h.  */
| /* Define fcntl to an innocuous variant, in case <limits.h> declares fcntl.
|    For example, HP-UX 11i <limits.h> declares gettimeofday.  */
| #define fcntl innocuous_fcntl
| 
| /* System header to define __stub macros and hopefully few prototypes,
|     which can conflict with char fcntl (); below.
|     Prefer <limits.h> to <assert.h> if __STDC__ is defined, since
|     <limits.h> exists even on freestanding compilers.  */
| 
| #ifdef __STDC__
| # include <limits.h>
| #else
| # include <assert.h>
| #endif
| 
| #undef fcntl
| 
| /* Override any gcc2 internal prototype to avoid an error.  */
| #ifdef __cplusplus
| extern "C"
| {
| #endif
| /* We use char because int might match the return type of a gcc2
|    builtin and then its argument prototype would still apply.  */
| char fcntl ();
| /* The GNU C library defines this for functions which it implements
|     to always fail with ENOSYS.  Some functions are actually named
|     something starting with __ and the normal name is an alias.  */
| #if defined (__stub_fcntl) || defined (__stub___fcntl)
| choke me
| #else
| char (*f) () = fcntl;
| #endif
| #ifdef __cplusplus
| }
| #endif
| 
| int
| main ()
| {
| return f != fcntl;
|   ;
|   return 0;
| }
configure:20730: result: no
configure:20642: checking for strerror
configure:20699: gcc -o conftest.exe -g -O2   conftest.c  >&5
configure:20705: $? = 0
configure:20709: test -z 
			 || test ! -s conftest.err
configure:20712: $? = 0
configure:20715: test -s conftest.exe
configure:20718: $? = 0
configure:20730: result: yes
configure:20642: checking for strcasecmp
configure:20699: gcc -o conftest.exe -g -O2   conftest.c  >&5
conftest.c:68:6: warning: conflicting types for built-in function 'strcasecmp' [enabled by default]
 char strcasecmp ();
      ^
configure:20705: $? = 0
configure:20709: test -z 
			 || test ! -s conftest.err
configure:20712: $? = 0
configure:20715: test -s conftest.exe
configure:20718: $? = 0
configure:20730: result: yes
configure:20642: checking for strchr
configure:20699: gcc -o conftest.exe -g -O2   conftest.c  >&5
conftest.c:69:6: warning: conflicting types for built-in function 'strchr' [enabled by default]
 char strchr ();
      ^
configure:20705: $? = 0
configure:20709: test -z 
			 || test ! -s conftest.err
configure:20712: $? = 0
configure:20715: test -s conftest.exe
configure:20718: $? = 0
configure:20730: result: yes
configure:20642: checking for strrchr
configure:20699: gcc -o conftest.exe -g -O2   conftest.c  >&5
conftest.c:70:6: warning: conflicting types for built-in function 'strrchr' [enabled by default]
 char strrchr ();
      ^
configure:20705: $? = 0
configure:20709: test -z 
			 || test ! -s conftest.err
configure:20712: $? = 0
configure:20715: test -s conftest.exe
configure:20718: $? = 0
configure:20730: result: yes
configure:20642: checking for strdup
configure:20699: gcc -o conftest.exe -g -O2   conftest.c  >&5
conftest.c:71:6: warning: conflicting types for built-in function 'strdup' [enabled by default]
 char strdup ();
      ^
configure:20705: $? = 0
configure:20709: test -z 
			 || test ! -s conftest.err
configure:20712: $? = 0
configure:20715: test -s conftest.exe
configure:20718: $? = 0
configure:20730: result: yes
configure:20642: checking for strstr
configure:20699: gcc -o conftest.exe -g -O2   conftest.c  >&5
conftest.c:72:6: warning: conflicting types for built-in function 'strstr' [enabled by default]
 char strstr ();
      ^
configure:20705: $? = 0
configure:20709: test -z 
			 || test ! -s conftest.err
configure:20712: $? = 0
configure:20715: test -s conftest.exe
configure:20718: $? = 0
configure:20730: result: yes
configure:20642: checking for strtol
configure:20699: gcc -o conftest.exe -g -O2   conftest.c  >&5
configure:20705: $? = 0
configure:20709: test -z 
			 || test ! -s conftest.err
configure:20712: $? = 0
configure:20715: test -s conftest.exe
configure:20718: $? = 0
configure:20730: result: yes
configure:20642: checking for gettimeofday
configure:20699: gcc -o conftest.exe -g -O2   conftest.c  >&5
configure:20705: $? = 0
configure:20709: test -z 
			 || test ! -s conftest.err
configure:20712: $? = 0
configure:20715: test -s conftest.exe
configure:20718: $? = 0
configure:20730: result: yes
configure:20758: gcc -c -g -O2  conftest.c >&5
configure:20764: $? = 0
configure:20768: test -z 
			 || test ! -s conftest.err
configure:20771: $? = 0
configure:20774: test -s conftest.o
configure:20777: $? = 0
configure:20831: checking for ld used by GCC
configure:20895: result: D:/dev/mingw/mingw32/bin/ld.exe
configure:20904: checking if the linker (D:/dev/mingw/mingw32/bin/ld.exe) is GNU ld
configure:20917: result: yes
configure:20923: checking for shared library run path origin
configure:20936: result: done
configure:21366: checking for iconv
configure:21393: gcc -o conftest.exe -g -O2   conftest.c  >&5
conftest.c:53:19: fatal error: iconv.h: No such file or directory
 #include <iconv.h>
                   ^
compilation terminated.
configure:21399: $? = 1
configure: failed program was:
| /* confdefs.h.  */
| 
| #define PACKAGE_NAME "GNU Cobol"
| #define PACKAGE_TARNAME "gnu-cobol"
| #define PACKAGE_VERSION "1.1"
| #define PACKAGE_STRING "GNU Cobol 1.1"
| #define PACKAGE_BUGREPORT "open-cobol-list@lists.sourceforge.net"
| #define PACKAGE "gnu-cobol"
| #define VERSION "1.1"
| #define __USE_STRING_INLINES 1
| #define STDC_HEADERS 1
| #define HAVE_SYS_TYPES_H 1
| #define HAVE_SYS_STAT_H 1
| #define HAVE_STDLIB_H 1
| #define HAVE_STRING_H 1
| #define HAVE_MEMORY_H 1
| #define HAVE_STRINGS_H 1
| #define HAVE_INTTYPES_H 1
| #define HAVE_STDINT_H 1
| #define HAVE_UNISTD_H 1
| #define WITH_DB 3
| #define PATCH_LEVEL 0
| #define WITH_VARSEQ 0
| #define HAVE_DLFCN_H 1
| #define STDC_HEADERS 1
| #define HAVE_STDINT_H 1
| #define HAVE_SYS_TYPES_H 1
| #define HAVE_SIGNAL_H 1
| #define HAVE_FCNTL_H 1
| #define HAVE_MALLOC_H 1
| #define HAVE_LOCALE_H 1
| #define HAVE_STDDEF_H 1
| #define HAVE_WCHAR_H 1
| #define HAVE_DLFCN_H 1
| #define HAVE_SYS_TIME_H 1
| #define COB_HAS_INLINE 1
| #define HAVE_ALLOCA 1
| #define HAVE_VPRINTF 1
| #define HAVE_MEMMOVE 1
| #define HAVE_MEMSET 1
| #define HAVE_SETLOCALE 1
| #define HAVE_STRERROR 1
| #define HAVE_STRCASECMP 1
| #define HAVE_STRCHR 1
| #define HAVE_STRRCHR 1
| #define HAVE_STRDUP 1
| #define HAVE_STRSTR 1
| #define HAVE_STRTOL 1
| #define HAVE_GETTIMEOFDAY 1
| #define HAVE_TIMEZONE 1
| /* end confdefs.h.  */
| #include <stdlib.h>
| #include <iconv.h>
| int
| main ()
| {
| iconv_t cd = iconv_open("","");
|        iconv(cd,NULL,NULL,NULL,NULL);
|        iconv_close(cd);
|   ;
|   return 0;
| }
configure:21444: gcc -o conftest.exe -g -O2   conftest.c  -liconv >&5
conftest.c:53:19: fatal error: iconv.h: No such file or directory
 #include <iconv.h>
                   ^
compilation terminated.
configure:21450: $? = 1
configure: failed program was:
| /* confdefs.h.  */
| 
| #define PACKAGE_NAME "GNU Cobol"
| #define PACKAGE_TARNAME "gnu-cobol"
| #define PACKAGE_VERSION "1.1"
| #define PACKAGE_STRING "GNU Cobol 1.1"
| #define PACKAGE_BUGREPORT "open-cobol-list@lists.sourceforge.net"
| #define PACKAGE "gnu-cobol"
| #define VERSION "1.1"
| #define __USE_STRING_INLINES 1
| #define STDC_HEADERS 1
| #define HAVE_SYS_TYPES_H 1
| #define HAVE_SYS_STAT_H 1
| #define HAVE_STDLIB_H 1
| #define HAVE_STRING_H 1
| #define HAVE_MEMORY_H 1
| #define HAVE_STRINGS_H 1
| #define HAVE_INTTYPES_H 1
| #define HAVE_STDINT_H 1
| #define HAVE_UNISTD_H 1
| #define WITH_DB 3
| #define PATCH_LEVEL 0
| #define WITH_VARSEQ 0
| #define HAVE_DLFCN_H 1
| #define STDC_HEADERS 1
| #define HAVE_STDINT_H 1
| #define HAVE_SYS_TYPES_H 1
| #define HAVE_SIGNAL_H 1
| #define HAVE_FCNTL_H 1
| #define HAVE_MALLOC_H 1
| #define HAVE_LOCALE_H 1
| #define HAVE_STDDEF_H 1
| #define HAVE_WCHAR_H 1
| #define HAVE_DLFCN_H 1
| #define HAVE_SYS_TIME_H 1
| #define COB_HAS_INLINE 1
| #define HAVE_ALLOCA 1
| #define HAVE_VPRINTF 1
| #define HAVE_MEMMOVE 1
| #define HAVE_MEMSET 1
| #define HAVE_SETLOCALE 1
| #define HAVE_STRERROR 1
| #define HAVE_STRCASECMP 1
| #define HAVE_STRCHR 1
| #define HAVE_STRRCHR 1
| #define HAVE_STRDUP 1
| #define HAVE_STRSTR 1
| #define HAVE_STRTOL 1
| #define HAVE_GETTIMEOFDAY 1
| #define HAVE_TIMEZONE 1
| /* end confdefs.h.  */
| #include <stdlib.h>
| #include <iconv.h>
| int
| main ()
| {
| iconv_t cd = iconv_open("","");
|          iconv(cd,NULL,NULL,NULL,NULL);
|          iconv_close(cd);
|   ;
|   return 0;
| }
configure:21478: result: no, consider installing GNU libiconv
configure:21580: checking for nl_langinfo and CODESET
configure:21601: gcc -o conftest.exe -g -O2   conftest.c  >&5
conftest.c:52:22: fatal error: langinfo.h: No such file or directory
 #include <langinfo.h>
                      ^
compilation terminated.
configure:21607: $? = 1
configure: failed program was:
| /* confdefs.h.  */
| 
| #define PACKAGE_NAME "GNU Cobol"
| #define PACKAGE_TARNAME "gnu-cobol"
| #define PACKAGE_VERSION "1.1"
| #define PACKAGE_STRING "GNU Cobol 1.1"
| #define PACKAGE_BUGREPORT "open-cobol-list@lists.sourceforge.net"
| #define PACKAGE "gnu-cobol"
| #define VERSION "1.1"
| #define __USE_STRING_INLINES 1
| #define STDC_HEADERS 1
| #define HAVE_SYS_TYPES_H 1
| #define HAVE_SYS_STAT_H 1
| #define HAVE_STDLIB_H 1
| #define HAVE_STRING_H 1
| #define HAVE_MEMORY_H 1
| #define HAVE_STRINGS_H 1
| #define HAVE_INTTYPES_H 1
| #define HAVE_STDINT_H 1
| #define HAVE_UNISTD_H 1
| #define WITH_DB 3
| #define PATCH_LEVEL 0
| #define WITH_VARSEQ 0
| #define HAVE_DLFCN_H 1
| #define STDC_HEADERS 1
| #define HAVE_STDINT_H 1
| #define HAVE_SYS_TYPES_H 1
| #define HAVE_SIGNAL_H 1
| #define HAVE_FCNTL_H 1
| #define HAVE_MALLOC_H 1
| #define HAVE_LOCALE_H 1
| #define HAVE_STDDEF_H 1
| #define HAVE_WCHAR_H 1
| #define HAVE_DLFCN_H 1
| #define HAVE_SYS_TIME_H 1
| #define COB_HAS_INLINE 1
| #define HAVE_ALLOCA 1
| #define HAVE_VPRINTF 1
| #define HAVE_MEMMOVE 1
| #define HAVE_MEMSET 1
| #define HAVE_SETLOCALE 1
| #define HAVE_STRERROR 1
| #define HAVE_STRCASECMP 1
| #define HAVE_STRCHR 1
| #define HAVE_STRRCHR 1
| #define HAVE_STRDUP 1
| #define HAVE_STRSTR 1
| #define HAVE_STRTOL 1
| #define HAVE_GETTIMEOFDAY 1
| #define HAVE_TIMEZONE 1
| /* end confdefs.h.  */
| #include <langinfo.h>
| int
| main ()
| {
| char* cs = nl_langinfo(CODESET);
|   ;
|   return 0;
| }
configure:21633: result: no
configure:21648: checking for getopt_long_only
configure:21705: gcc -o conftest.exe -g -O2   conftest.c  >&5
configure:21711: $? = 0
configure:21715: test -z 
			 || test ! -s conftest.err
configure:21718: $? = 0
configure:21721: test -s conftest.exe
configure:21724: $? = 0
configure:21736: result: yes
configure:21754: checking kpathsea/getopt.h usability
configure:21766: gcc -c -g -O2  conftest.c >&5
conftest.c:86:29: fatal error: kpathsea/getopt.h: No such file or directory
 #include <kpathsea/getopt.h>
                             ^
compilation terminated.
configure:21772: $? = 1
configure: failed program was:
| /* confdefs.h.  */
| 
| #define PACKAGE_NAME "GNU Cobol"
| #define PACKAGE_TARNAME "gnu-cobol"
| #define PACKAGE_VERSION "1.1"
| #define PACKAGE_STRING "GNU Cobol 1.1"
| #define PACKAGE_BUGREPORT "open-cobol-list@lists.sourceforge.net"
| #define PACKAGE "gnu-cobol"
| #define VERSION "1.1"
| #define __USE_STRING_INLINES 1
| #define STDC_HEADERS 1
| #define HAVE_SYS_TYPES_H 1
| #define HAVE_SYS_STAT_H 1
| #define HAVE_STDLIB_H 1
| #define HAVE_STRING_H 1
| #define HAVE_MEMORY_H 1
| #define HAVE_STRINGS_H 1
| #define HAVE_INTTYPES_H 1
| #define HAVE_STDINT_H 1
| #define HAVE_UNISTD_H 1
| #define WITH_DB 3
| #define PATCH_LEVEL 0
| #define WITH_VARSEQ 0
| #define HAVE_DLFCN_H 1
| #define STDC_HEADERS 1
| #define HAVE_STDINT_H 1
| #define HAVE_SYS_TYPES_H 1
| #define HAVE_SIGNAL_H 1
| #define HAVE_FCNTL_H 1
| #define HAVE_MALLOC_H 1
| #define HAVE_LOCALE_H 1
| #define HAVE_STDDEF_H 1
| #define HAVE_WCHAR_H 1
| #define HAVE_DLFCN_H 1
| #define HAVE_SYS_TIME_H 1
| #define COB_HAS_INLINE 1
| #define HAVE_ALLOCA 1
| #define HAVE_VPRINTF 1
| #define HAVE_MEMMOVE 1
| #define HAVE_MEMSET 1
| #define HAVE_SETLOCALE 1
| #define HAVE_STRERROR 1
| #define HAVE_STRCASECMP 1
| #define HAVE_STRCHR 1
| #define HAVE_STRRCHR 1
| #define HAVE_STRDUP 1
| #define HAVE_STRSTR 1
| #define HAVE_STRTOL 1
| #define HAVE_GETTIMEOFDAY 1
| #define HAVE_TIMEZONE 1
| /* end confdefs.h.  */
| #include <stdio.h>
| #if HAVE_SYS_TYPES_H
| # include <sys/types.h>
| #endif
| #if HAVE_SYS_STAT_H
| # include <sys/stat.h>
| #endif
| #if STDC_HEADERS
| # include <stdlib.h>
| # include <stddef.h>
| #else
| # if HAVE_STDLIB_H
| #  include <stdlib.h>
| # endif
| #endif
| #if HAVE_STRING_H
| # if !STDC_HEADERS && HAVE_MEMORY_H
| #  include <memory.h>
| # endif
| # include <string.h>
| #endif
| #if HAVE_STRINGS_H
| # include <strings.h>
| #endif
| #if HAVE_INTTYPES_H
| # include <inttypes.h>
| #else
| # if HAVE_STDINT_H
| #  include <stdint.h>
| # endif
| #endif
| #if HAVE_UNISTD_H
| # include <unistd.h>
| #endif
| #include <kpathsea/getopt.h>
configure:21795: result: no
configure:21799: checking kpathsea/getopt.h presence
configure:21809: gcc -E  conftest.c
conftest.c:52:29: fatal error: kpathsea/getopt.h: No such file or directory
 #include <kpathsea/getopt.h>
                             ^
compilation terminated.
configure:21815: $? = 1
configure: failed program was:
| /* confdefs.h.  */
| 
| #define PACKAGE_NAME "GNU Cobol"
| #define PACKAGE_TARNAME "gnu-cobol"
| #define PACKAGE_VERSION "1.1"
| #define PACKAGE_STRING "GNU Cobol 1.1"
| #define PACKAGE_BUGREPORT "open-cobol-list@lists.sourceforge.net"
| #define PACKAGE "gnu-cobol"
| #define VERSION "1.1"
| #define __USE_STRING_INLINES 1
| #define STDC_HEADERS 1
| #define HAVE_SYS_TYPES_H 1
| #define HAVE_SYS_STAT_H 1
| #define HAVE_STDLIB_H 1
| #define HAVE_STRING_H 1
| #define HAVE_MEMORY_H 1
| #define HAVE_STRINGS_H 1
| #define HAVE_INTTYPES_H 1
| #define HAVE_STDINT_H 1
| #define HAVE_UNISTD_H 1
| #define WITH_DB 3
| #define PATCH_LEVEL 0
| #define WITH_VARSEQ 0
| #define HAVE_DLFCN_H 1
| #define STDC_HEADERS 1
| #define HAVE_STDINT_H 1
| #define HAVE_SYS_TYPES_H 1
| #define HAVE_SIGNAL_H 1
| #define HAVE_FCNTL_H 1
| #define HAVE_MALLOC_H 1
| #define HAVE_LOCALE_H 1
| #define HAVE_STDDEF_H 1
| #define HAVE_WCHAR_H 1
| #define HAVE_DLFCN_H 1
| #define HAVE_SYS_TIME_H 1
| #define COB_HAS_INLINE 1
| #define HAVE_ALLOCA 1
| #define HAVE_VPRINTF 1
| #define HAVE_MEMMOVE 1
| #define HAVE_MEMSET 1
| #define HAVE_SETLOCALE 1
| #define HAVE_STRERROR 1
| #define HAVE_STRCASECMP 1
| #define HAVE_STRCHR 1
| #define HAVE_STRRCHR 1
| #define HAVE_STRDUP 1
| #define HAVE_STRSTR 1
| #define HAVE_STRTOL 1
| #define HAVE_GETTIMEOFDAY 1
| #define HAVE_TIMEZONE 1
| /* end confdefs.h.  */
| #include <kpathsea/getopt.h>
configure:21835: result: no
configure:21870: checking for kpathsea/getopt.h
configure:21877: result: no
configure:21754: checking getopt.h usability
configure:21766: gcc -c -g -O2  conftest.c >&5
configure:21772: $? = 0
configure:21776: test -z 
			 || test ! -s conftest.err
configure:21779: $? = 0
configure:21782: test -s conftest.o
configure:21785: $? = 0
configure:21795: result: yes
configure:21799: checking getopt.h presence
configure:21809: gcc -E  conftest.c
configure:21815: $? = 0
configure:21835: result: yes
configure:21870: checking for getopt.h
configure:21877: result: yes
configure:21926: checking gmp.h usability
configure:21938: gcc -c -g -O2  conftest.c >&5
configure:21944: $? = 0
configure:21948: test -z 
			 || test ! -s conftest.err
configure:21951: $? = 0
configure:21954: test -s conftest.o
configure:21957: $? = 0
configure:21967: result: yes
configure:21971: checking gmp.h presence
configure:21981: gcc -E  conftest.c
configure:21987: $? = 0
configure:22007: result: yes
configure:22042: checking for gmp.h
configure:22049: result: yes
configure:22068: checking for __gmpz_init in -lgmp
configure:22098: gcc -o conftest.exe -g -O2   conftest.c -lgmp   >&5
configure:22104: $? = 0
configure:22108: test -z 
			 || test ! -s conftest.err
configure:22111: $? = 0
configure:22114: test -s conftest.exe
configure:22117: $? = 0
configure:22130: result: yes
configure:22189: gcc -o conftest.exe -g -O2   conftest.c -lgmp  >&5
configure:22192: $? = 0
configure:22194: ./conftest.exe
configure:22197: $? = 0
configure:22230: gcc -o conftest.exe -g -O2   conftest.c -lgmp  >&5
configure:22236: $? = 0
configure:22240: test -z 
			 || test ! -s conftest.err
configure:22243: $? = 0
configure:22246: test -s conftest.exe
configure:22249: $? = 0
configure:22432: checking whether NLS is requested
configure:22441: result: yes
configure:22479: checking for msgfmt
configure:22513: result: no
configure:22519: checking for gmsgfmt
configure:22550: result: :
configure:22589: checking for xgettext
configure:22623: result: no
configure:22660: checking for msgmerge
configure:22693: result: no
configure:22741: checking whether NLS is requested
configure:22750: result: yes
configure:22768: checking for GNU gettext in libc
configure:22792: gcc -o conftest.exe -g -O2   conftest.c -lgmp  >&5
conftest.c:55:21: fatal error: libintl.h: No such file or directory
 #include <libintl.h>
                     ^
compilation terminated.
configure:22798: $? = 1
configure: failed program was:
| /* confdefs.h.  */
| 
| #define PACKAGE_NAME "GNU Cobol"
| #define PACKAGE_TARNAME "gnu-cobol"
| #define PACKAGE_VERSION "1.1"
| #define PACKAGE_STRING "GNU Cobol 1.1"
| #define PACKAGE_BUGREPORT "open-cobol-list@lists.sourceforge.net"
| #define PACKAGE "gnu-cobol"
| #define VERSION "1.1"
| #define __USE_STRING_INLINES 1
| #define STDC_HEADERS 1
| #define HAVE_SYS_TYPES_H 1
| #define HAVE_SYS_STAT_H 1
| #define HAVE_STDLIB_H 1
| #define HAVE_STRING_H 1
| #define HAVE_MEMORY_H 1
| #define HAVE_STRINGS_H 1
| #define HAVE_INTTYPES_H 1
| #define HAVE_STDINT_H 1
| #define HAVE_UNISTD_H 1
| #define WITH_DB 3
| #define PATCH_LEVEL 0
| #define WITH_VARSEQ 0
| #define HAVE_DLFCN_H 1
| #define STDC_HEADERS 1
| #define HAVE_STDINT_H 1
| #define HAVE_SYS_TYPES_H 1
| #define HAVE_SIGNAL_H 1
| #define HAVE_FCNTL_H 1
| #define HAVE_MALLOC_H 1
| #define HAVE_LOCALE_H 1
| #define HAVE_STDDEF_H 1
| #define HAVE_WCHAR_H 1
| #define HAVE_DLFCN_H 1
| #define HAVE_SYS_TIME_H 1
| #define COB_HAS_INLINE 1
| #define HAVE_ALLOCA 1
| #define HAVE_VPRINTF 1
| #define HAVE_MEMMOVE 1
| #define HAVE_MEMSET 1
| #define HAVE_SETLOCALE 1
| #define HAVE_STRERROR 1
| #define HAVE_STRCASECMP 1
| #define HAVE_STRCHR 1
| #define HAVE_STRRCHR 1
| #define HAVE_STRDUP 1
| #define HAVE_STRSTR 1
| #define HAVE_STRTOL 1
| #define HAVE_GETTIMEOFDAY 1
| #define HAVE_TIMEZONE 1
| #define HAVE_GETOPT_H 1
| #define HAVE_GMP_H 1
| #define HAVE_LIBGMP 1
| /* end confdefs.h.  */
| #include <libintl.h>
| extern int _nl_msg_cat_cntr;
| extern int *_nl_domain_bindings;
| int
| main ()
| {
| bindtextdomain ("", "");
| return (int) gettext ("") + _nl_msg_cat_cntr + *_nl_domain_bindings
|   ;
|   return 0;
| }
configure:22823: result: no
configure:22857: checking for iconv
configure:22969: result: no, consider installing GNU libiconv
configure:23370: checking for GNU gettext in libintl
configure:23402: gcc -o conftest.exe -g -O2    conftest.c -lgmp  -lintl >&5
conftest.c:55:21: fatal error: libintl.h: No such file or directory
 #include <libintl.h>
                     ^
compilation terminated.
configure:23408: $? = 1
configure: failed program was:
| /* confdefs.h.  */
| 
| #define PACKAGE_NAME "GNU Cobol"
| #define PACKAGE_TARNAME "gnu-cobol"
| #define PACKAGE_VERSION "1.1"
| #define PACKAGE_STRING "GNU Cobol 1.1"
| #define PACKAGE_BUGREPORT "open-cobol-list@lists.sourceforge.net"
| #define PACKAGE "gnu-cobol"
| #define VERSION "1.1"
| #define __USE_STRING_INLINES 1
| #define STDC_HEADERS 1
| #define HAVE_SYS_TYPES_H 1
| #define HAVE_SYS_STAT_H 1
| #define HAVE_STDLIB_H 1
| #define HAVE_STRING_H 1
| #define HAVE_MEMORY_H 1
| #define HAVE_STRINGS_H 1
| #define HAVE_INTTYPES_H 1
| #define HAVE_STDINT_H 1
| #define HAVE_UNISTD_H 1
| #define WITH_DB 3
| #define PATCH_LEVEL 0
| #define WITH_VARSEQ 0
| #define HAVE_DLFCN_H 1
| #define STDC_HEADERS 1
| #define HAVE_STDINT_H 1
| #define HAVE_SYS_TYPES_H 1
| #define HAVE_SIGNAL_H 1
| #define HAVE_FCNTL_H 1
| #define HAVE_MALLOC_H 1
| #define HAVE_LOCALE_H 1
| #define HAVE_STDDEF_H 1
| #define HAVE_WCHAR_H 1
| #define HAVE_DLFCN_H 1
| #define HAVE_SYS_TIME_H 1
| #define COB_HAS_INLINE 1
| #define HAVE_ALLOCA 1
| #define HAVE_VPRINTF 1
| #define HAVE_MEMMOVE 1
| #define HAVE_MEMSET 1
| #define HAVE_SETLOCALE 1
| #define HAVE_STRERROR 1
| #define HAVE_STRCASECMP 1
| #define HAVE_STRCHR 1
| #define HAVE_STRRCHR 1
| #define HAVE_STRDUP 1
| #define HAVE_STRSTR 1
| #define HAVE_STRTOL 1
| #define HAVE_GETTIMEOFDAY 1
| #define HAVE_TIMEZONE 1
| #define HAVE_GETOPT_H 1
| #define HAVE_GMP_H 1
| #define HAVE_LIBGMP 1
| /* end confdefs.h.  */
| #include <libintl.h>
| extern int _nl_msg_cat_cntr;
| extern
| #ifdef __cplusplus
| "C"
| #endif
| const char *_nl_expand_alias ();
| int
| main ()
| {
| bindtextdomain ("", "");
| return (int) gettext ("") + _nl_msg_cat_cntr + *_nl_expand_alias (0)
|   ;
|   return 0;
| }
configure:23493: result: no
configure:23522: checking whether to use NLS
configure:23524: result: no
configure:23609: checking for initscr in -lncurses
configure:23639: gcc -o conftest.exe -g -O2   conftest.c -lncurses  -lgmp  >&5
D:/dev/mingw/bin/../lib/gcc/mingw32/4.8.1/../../../../mingw32/bin/ld.exe: cannot find -lncurses
collect2.exe: error: ld returned 1 exit status
configure:23645: $? = 1
configure: failed program was:
| /* confdefs.h.  */
| 
| #define PACKAGE_NAME "GNU Cobol"
| #define PACKAGE_TARNAME "gnu-cobol"
| #define PACKAGE_VERSION "1.1"
| #define PACKAGE_STRING "GNU Cobol 1.1"
| #define PACKAGE_BUGREPORT "open-cobol-list@lists.sourceforge.net"
| #define PACKAGE "gnu-cobol"
| #define VERSION "1.1"
| #define __USE_STRING_INLINES 1
| #define STDC_HEADERS 1
| #define HAVE_SYS_TYPES_H 1
| #define HAVE_SYS_STAT_H 1
| #define HAVE_STDLIB_H 1
| #define HAVE_STRING_H 1
| #define HAVE_MEMORY_H 1
| #define HAVE_STRINGS_H 1
| #define HAVE_INTTYPES_H 1
| #define HAVE_STDINT_H 1
| #define HAVE_UNISTD_H 1
| #define WITH_DB 3
| #define PATCH_LEVEL 0
| #define WITH_VARSEQ 0
| #define HAVE_DLFCN_H 1
| #define STDC_HEADERS 1
| #define HAVE_STDINT_H 1
| #define HAVE_SYS_TYPES_H 1
| #define HAVE_SIGNAL_H 1
| #define HAVE_FCNTL_H 1
| #define HAVE_MALLOC_H 1
| #define HAVE_LOCALE_H 1
| #define HAVE_STDDEF_H 1
| #define HAVE_WCHAR_H 1
| #define HAVE_DLFCN_H 1
| #define HAVE_SYS_TIME_H 1
| #define COB_HAS_INLINE 1
| #define HAVE_ALLOCA 1
| #define HAVE_VPRINTF 1
| #define HAVE_MEMMOVE 1
| #define HAVE_MEMSET 1
| #define HAVE_SETLOCALE 1
| #define HAVE_STRERROR 1
| #define HAVE_STRCASECMP 1
| #define HAVE_STRCHR 1
| #define HAVE_STRRCHR 1
| #define HAVE_STRDUP 1
| #define HAVE_STRSTR 1
| #define HAVE_STRTOL 1
| #define HAVE_GETTIMEOFDAY 1
| #define HAVE_TIMEZONE 1
| #define HAVE_GETOPT_H 1
| #define HAVE_GMP_H 1
| #define HAVE_LIBGMP 1
| /* end confdefs.h.  */
| 
| /* Override any gcc2 internal prototype to avoid an error.  */
| #ifdef __cplusplus
| extern "C"
| #endif
| /* We use char because int might match the return type of a gcc2
|    builtin and then its argument prototype would still apply.  */
| char initscr ();
| int
| main ()
| {
| initscr ();
|   ;
|   return 0;
| }
configure:23671: result: no
configure:23988: checking for initscr in -lpdcurses
configure:24018: gcc -o conftest.exe -g -O2   conftest.c -lpdcurses  -lgmp  >&5
configure:24024: $? = 0
configure:24028: test -z 
			 || test ! -s conftest.err
configure:24031: $? = 0
configure:24034: test -s conftest.exe
configure:24037: $? = 0
configure:24050: result: yes
configure:24078: checking pdcurses.h usability
configure:24090: gcc -c -g -O2  conftest.c >&5
configure:24096: $? = 0
configure:24100: test -z 
			 || test ! -s conftest.err
configure:24103: $? = 0
configure:24106: test -s conftest.o
configure:24109: $? = 0
configure:24119: result: yes
configure:24123: checking pdcurses.h presence
configure:24133: gcc -E  conftest.c
configure:24139: $? = 0
configure:24159: result: yes
configure:24194: checking for pdcurses.h
configure:24201: result: yes
configure:24474: gcc -o conftest.exe -g -O2   conftest.c -lpdcurses -lgmp  >&5
configure:24480: $? = 0
configure:24484: test -z 
			 || test ! -s conftest.err
configure:24487: $? = 0
configure:24490: test -s conftest.exe
configure:24493: $? = 0
configure:24781: gcc -o conftest.exe -g -O2   conftest.c -lpdcurses -lgmp  >&5
configure:24784: $? = 0
configure:24786: ./conftest.exe
configure:24789: $? = 0
configure:24849: gcc -o conftest.exe -g -O2   conftest.c -lpdcurses -lgmp  -ldb >&5
D:/dev/mingw/bin/../lib/gcc/mingw32/4.8.1/../../../../mingw32/bin/ld.exe: cannot find -ldb
collect2.exe: error: ld returned 1 exit status
configure:24852: $? = 1
configure: program exited with status 1
configure: failed program was:
| /* confdefs.h.  */
| 
| #define PACKAGE_NAME "GNU Cobol"
| #define PACKAGE_TARNAME "gnu-cobol"
| #define PACKAGE_VERSION "1.1"
| #define PACKAGE_STRING "GNU Cobol 1.1"
| #define PACKAGE_BUGREPORT "open-cobol-list@lists.sourceforge.net"
| #define PACKAGE "gnu-cobol"
| #define VERSION "1.1"
| #define __USE_STRING_INLINES 1
| #define STDC_HEADERS 1
| #define HAVE_SYS_TYPES_H 1
| #define HAVE_SYS_STAT_H 1
| #define HAVE_STDLIB_H 1
| #define HAVE_STRING_H 1
| #define HAVE_MEMORY_H 1
| #define HAVE_STRINGS_H 1
| #define HAVE_INTTYPES_H 1
| #define HAVE_STDINT_H 1
| #define HAVE_UNISTD_H 1
| #define WITH_DB 3
| #define PATCH_LEVEL 0
| #define WITH_VARSEQ 0
| #define HAVE_DLFCN_H 1
| #define STDC_HEADERS 1
| #define HAVE_STDINT_H 1
| #define HAVE_SYS_TYPES_H 1
| #define HAVE_SIGNAL_H 1
| #define HAVE_FCNTL_H 1
| #define HAVE_MALLOC_H 1
| #define HAVE_LOCALE_H 1
| #define HAVE_STDDEF_H 1
| #define HAVE_WCHAR_H 1
| #define HAVE_DLFCN_H 1
| #define HAVE_SYS_TIME_H 1
| #define COB_HAS_INLINE 1
| #define HAVE_ALLOCA 1
| #define HAVE_VPRINTF 1
| #define HAVE_MEMMOVE 1
| #define HAVE_MEMSET 1
| #define HAVE_SETLOCALE 1
| #define HAVE_STRERROR 1
| #define HAVE_STRCASECMP 1
| #define HAVE_STRCHR 1
| #define HAVE_STRRCHR 1
| #define HAVE_STRDUP 1
| #define HAVE_STRSTR 1
| #define HAVE_STRTOL 1
| #define HAVE_GETTIMEOFDAY 1
| #define HAVE_TIMEZONE 1
| #define HAVE_GETOPT_H 1
| #define HAVE_GMP_H 1
| #define HAVE_LIBGMP 1
| #define HAVE_LIBPDCURSES 1
| #define HAVE_PDCURSES_H 1
| #define HAVE_COLOR_SET 1
| #define USE_DB41 1
| /* end confdefs.h.  */
| #include <stdio.h>
| 			#include <stdlib.h>
| 			#include <db.h>
| int
| main ()
| {
| 
| 			int major, minor, patch;
| 			printf("checking for BDB 4.1 compatibility in %s ... ", getenv("MYOCLIBS"));
| 			db_version (&major, &minor, &patch);
| 			if (major == DB_VERSION_MAJOR && minor == DB_VERSION_MINOR) {
| 				printf("yes\n");
| 				return 0;
| 			}
| 			printf("no\n");
| 			return 1;
|   ;
|   return 0;
| }
configure:24849: gcc -o conftest.exe -g -O2   conftest.c -lpdcurses -lgmp  -ldb-4.5 >&5
D:/dev/mingw/bin/../lib/gcc/mingw32/4.8.1/../../../../mingw32/bin/ld.exe: cannot find -ldb-4.5
collect2.exe: error: ld returned 1 exit status
configure:24852: $? = 1
configure: program exited with status 1
configure: failed program was:
| /* confdefs.h.  */
| 
| #define PACKAGE_NAME "GNU Cobol"
| #define PACKAGE_TARNAME "gnu-cobol"
| #define PACKAGE_VERSION "1.1"
| #define PACKAGE_STRING "GNU Cobol 1.1"
| #define PACKAGE_BUGREPORT "open-cobol-list@lists.sourceforge.net"
| #define PACKAGE "gnu-cobol"
| #define VERSION "1.1"
| #define __USE_STRING_INLINES 1
| #define STDC_HEADERS 1
| #define HAVE_SYS_TYPES_H 1
| #define HAVE_SYS_STAT_H 1
| #define HAVE_STDLIB_H 1
| #define HAVE_STRING_H 1
| #define HAVE_MEMORY_H 1
| #define HAVE_STRINGS_H 1
| #define HAVE_INTTYPES_H 1
| #define HAVE_STDINT_H 1
| #define HAVE_UNISTD_H 1
| #define WITH_DB 3
| #define PATCH_LEVEL 0
| #define WITH_VARSEQ 0
| #define HAVE_DLFCN_H 1
| #define STDC_HEADERS 1
| #define HAVE_STDINT_H 1
| #define HAVE_SYS_TYPES_H 1
| #define HAVE_SIGNAL_H 1
| #define HAVE_FCNTL_H 1
| #define HAVE_MALLOC_H 1
| #define HAVE_LOCALE_H 1
| #define HAVE_STDDEF_H 1
| #define HAVE_WCHAR_H 1
| #define HAVE_DLFCN_H 1
| #define HAVE_SYS_TIME_H 1
| #define COB_HAS_INLINE 1
| #define HAVE_ALLOCA 1
| #define HAVE_VPRINTF 1
| #define HAVE_MEMMOVE 1
| #define HAVE_MEMSET 1
| #define HAVE_SETLOCALE 1
| #define HAVE_STRERROR 1
| #define HAVE_STRCASECMP 1
| #define HAVE_STRCHR 1
| #define HAVE_STRRCHR 1
| #define HAVE_STRDUP 1
| #define HAVE_STRSTR 1
| #define HAVE_STRTOL 1
| #define HAVE_GETTIMEOFDAY 1
| #define HAVE_TIMEZONE 1
| #define HAVE_GETOPT_H 1
| #define HAVE_GMP_H 1
| #define HAVE_LIBGMP 1
| #define HAVE_LIBPDCURSES 1
| #define HAVE_PDCURSES_H 1
| #define HAVE_COLOR_SET 1
| #define USE_DB41 1
| /* end confdefs.h.  */
| #include <stdio.h>
| 			#include <stdlib.h>
| 			#include <db.h>
| int
| main ()
| {
| 
| 			int major, minor, patch;
| 			printf("checking for BDB 4.1 compatibility in %s ... ", getenv("MYOCLIBS"));
| 			db_version (&major, &minor, &patch);
| 			if (major == DB_VERSION_MAJOR && minor == DB_VERSION_MINOR) {
| 				printf("yes\n");
| 				return 0;
| 			}
| 			printf("no\n");
| 			return 1;
|   ;
|   return 0;
| }
configure:24849: gcc -o conftest.exe -g -O2   conftest.c -lpdcurses -lgmp  -ldb-4.4 >&5
D:/dev/mingw/bin/../lib/gcc/mingw32/4.8.1/../../../../mingw32/bin/ld.exe: cannot find -ldb-4.4
collect2.exe: error: ld returned 1 exit status
configure:24852: $? = 1
configure: program exited with status 1
configure: failed program was:
| /* confdefs.h.  */
| 
| #define PACKAGE_NAME "GNU Cobol"
| #define PACKAGE_TARNAME "gnu-cobol"
| #define PACKAGE_VERSION "1.1"
| #define PACKAGE_STRING "GNU Cobol 1.1"
| #define PACKAGE_BUGREPORT "open-cobol-list@lists.sourceforge.net"
| #define PACKAGE "gnu-cobol"
| #define VERSION "1.1"
| #define __USE_STRING_INLINES 1
| #define STDC_HEADERS 1
| #define HAVE_SYS_TYPES_H 1
| #define HAVE_SYS_STAT_H 1
| #define HAVE_STDLIB_H 1
| #define HAVE_STRING_H 1
| #define HAVE_MEMORY_H 1
| #define HAVE_STRINGS_H 1
| #define HAVE_INTTYPES_H 1
| #define HAVE_STDINT_H 1
| #define HAVE_UNISTD_H 1
| #define WITH_DB 3
| #define PATCH_LEVEL 0
| #define WITH_VARSEQ 0
| #define HAVE_DLFCN_H 1
| #define STDC_HEADERS 1
| #define HAVE_STDINT_H 1
| #define HAVE_SYS_TYPES_H 1
| #define HAVE_SIGNAL_H 1
| #define HAVE_FCNTL_H 1
| #define HAVE_MALLOC_H 1
| #define HAVE_LOCALE_H 1
| #define HAVE_STDDEF_H 1
| #define HAVE_WCHAR_H 1
| #define HAVE_DLFCN_H 1
| #define HAVE_SYS_TIME_H 1
| #define COB_HAS_INLINE 1
| #define HAVE_ALLOCA 1
| #define HAVE_VPRINTF 1
| #define HAVE_MEMMOVE 1
| #define HAVE_MEMSET 1
| #define HAVE_SETLOCALE 1
| #define HAVE_STRERROR 1
| #define HAVE_STRCASECMP 1
| #define HAVE_STRCHR 1
| #define HAVE_STRRCHR 1
| #define HAVE_STRDUP 1
| #define HAVE_STRSTR 1
| #define HAVE_STRTOL 1
| #define HAVE_GETTIMEOFDAY 1
| #define HAVE_TIMEZONE 1
| #define HAVE_GETOPT_H 1
| #define HAVE_GMP_H 1
| #define HAVE_LIBGMP 1
| #define HAVE_LIBPDCURSES 1
| #define HAVE_PDCURSES_H 1
| #define HAVE_COLOR_SET 1
| #define USE_DB41 1
| /* end confdefs.h.  */
| #include <stdio.h>
| 			#include <stdlib.h>
| 			#include <db.h>
| int
| main ()
| {
| 
| 			int major, minor, patch;
| 			printf("checking for BDB 4.1 compatibility in %s ... ", getenv("MYOCLIBS"));
| 			db_version (&major, &minor, &patch);
| 			if (major == DB_VERSION_MAJOR && minor == DB_VERSION_MINOR) {
| 				printf("yes\n");
| 				return 0;
| 			}
| 			printf("no\n");
| 			return 1;
|   ;
|   return 0;
| }
configure:24849: gcc -o conftest.exe -g -O2   conftest.c -lpdcurses -lgmp  -ldb-4.3 >&5
D:/dev/mingw/bin/../lib/gcc/mingw32/4.8.1/../../../../mingw32/bin/ld.exe: cannot find -ldb-4.3
collect2.exe: error: ld returned 1 exit status
configure:24852: $? = 1
configure: program exited with status 1
configure: failed program was:
| /* confdefs.h.  */
| 
| #define PACKAGE_NAME "GNU Cobol"
| #define PACKAGE_TARNAME "gnu-cobol"
| #define PACKAGE_VERSION "1.1"
| #define PACKAGE_STRING "GNU Cobol 1.1"
| #define PACKAGE_BUGREPORT "open-cobol-list@lists.sourceforge.net"
| #define PACKAGE "gnu-cobol"
| #define VERSION "1.1"
| #define __USE_STRING_INLINES 1
| #define STDC_HEADERS 1
| #define HAVE_SYS_TYPES_H 1
| #define HAVE_SYS_STAT_H 1
| #define HAVE_STDLIB_H 1
| #define HAVE_STRING_H 1
| #define HAVE_MEMORY_H 1
| #define HAVE_STRINGS_H 1
| #define HAVE_INTTYPES_H 1
| #define HAVE_STDINT_H 1
| #define HAVE_UNISTD_H 1
| #define WITH_DB 3
| #define PATCH_LEVEL 0
| #define WITH_VARSEQ 0
| #define HAVE_DLFCN_H 1
| #define STDC_HEADERS 1
| #define HAVE_STDINT_H 1
| #define HAVE_SYS_TYPES_H 1
| #define HAVE_SIGNAL_H 1
| #define HAVE_FCNTL_H 1
| #define HAVE_MALLOC_H 1
| #define HAVE_LOCALE_H 1
| #define HAVE_STDDEF_H 1
| #define HAVE_WCHAR_H 1
| #define HAVE_DLFCN_H 1
| #define HAVE_SYS_TIME_H 1
| #define COB_HAS_INLINE 1
| #define HAVE_ALLOCA 1
| #define HAVE_VPRINTF 1
| #define HAVE_MEMMOVE 1
| #define HAVE_MEMSET 1
| #define HAVE_SETLOCALE 1
| #define HAVE_STRERROR 1
| #define HAVE_STRCASECMP 1
| #define HAVE_STRCHR 1
| #define HAVE_STRRCHR 1
| #define HAVE_STRDUP 1
| #define HAVE_STRSTR 1
| #define HAVE_STRTOL 1
| #define HAVE_GETTIMEOFDAY 1
| #define HAVE_TIMEZONE 1
| #define HAVE_GETOPT_H 1
| #define HAVE_GMP_H 1
| #define HAVE_LIBGMP 1
| #define HAVE_LIBPDCURSES 1
| #define HAVE_PDCURSES_H 1
| #define HAVE_COLOR_SET 1
| #define USE_DB41 1
| /* end confdefs.h.  */
| #include <stdio.h>
| 			#include <stdlib.h>
| 			#include <db.h>
| int
| main ()
| {
| 
| 			int major, minor, patch;
| 			printf("checking for BDB 4.1 compatibility in %s ... ", getenv("MYOCLIBS"));
| 			db_version (&major, &minor, &patch);
| 			if (major == DB_VERSION_MAJOR && minor == DB_VERSION_MINOR) {
| 				printf("yes\n");
| 				return 0;
| 			}
| 			printf("no\n");
| 			return 1;
|   ;
|   return 0;
| }
configure:24849: gcc -o conftest.exe -g -O2   conftest.c -lpdcurses -lgmp  -ldb-6.1 >&5
configure:24852: $? = 0
configure:24854: ./conftest.exe
configure:24857: $? = 0
configure:26062: gcc -o conftest.exe -g -O2   conftest.c -lpdcurses -lgmp  >&5
configure:26065: $? = 0
configure:26067: ./conftest.exe
configure:26070: $? = 0
configure:26514: gcc -o conftest.exe -g -O2   conftest.c -lpdcurses -lgmp  >&5
configure:26517: $? = 0
configure:26519: ./conftest.exe
configure:26522: $? = 1
configure: program exited with status 1
configure: failed program was:
| /* confdefs.h.  */
| 
| #define PACKAGE_NAME "GNU Cobol"
| #define PACKAGE_TARNAME "gnu-cobol"
| #define PACKAGE_VERSION "1.1"
| #define PACKAGE_STRING "GNU Cobol 1.1"
| #define PACKAGE_BUGREPORT "open-cobol-list@lists.sourceforge.net"
| #define PACKAGE "gnu-cobol"
| #define VERSION "1.1"
| #define __USE_STRING_INLINES 1
| #define STDC_HEADERS 1
| #define HAVE_SYS_TYPES_H 1
| #define HAVE_SYS_STAT_H 1
| #define HAVE_STDLIB_H 1
| #define HAVE_STRING_H 1
| #define HAVE_MEMORY_H 1
| #define HAVE_STRINGS_H 1
| #define HAVE_INTTYPES_H 1
| #define HAVE_STDINT_H 1
| #define HAVE_UNISTD_H 1
| #define WITH_DB 3
| #define PATCH_LEVEL 0
| #define WITH_VARSEQ 0
| #define HAVE_DLFCN_H 1
| #define STDC_HEADERS 1
| #define HAVE_STDINT_H 1
| #define HAVE_SYS_TYPES_H 1
| #define HAVE_SIGNAL_H 1
| #define HAVE_FCNTL_H 1
| #define HAVE_MALLOC_H 1
| #define HAVE_LOCALE_H 1
| #define HAVE_STDDEF_H 1
| #define HAVE_WCHAR_H 1
| #define HAVE_DLFCN_H 1
| #define HAVE_SYS_TIME_H 1
| #define COB_HAS_INLINE 1
| #define HAVE_ALLOCA 1
| #define HAVE_VPRINTF 1
| #define HAVE_MEMMOVE 1
| #define HAVE_MEMSET 1
| #define HAVE_SETLOCALE 1
| #define HAVE_STRERROR 1
| #define HAVE_STRCASECMP 1
| #define HAVE_STRCHR 1
| #define HAVE_STRRCHR 1
| #define HAVE_STRDUP 1
| #define HAVE_STRSTR 1
| #define HAVE_STRTOL 1
| #define HAVE_GETTIMEOFDAY 1
| #define HAVE_TIMEZONE 1
| #define HAVE_GETOPT_H 1
| #define HAVE_GMP_H 1
| #define HAVE_LIBGMP 1
| #define HAVE_LIBPDCURSES 1
| #define HAVE_PDCURSES_H 1
| #define HAVE_COLOR_SET 1
| #define USE_DB41 1
| /* end confdefs.h.  */
| #include <stdio.h>
| 	#include <time.h>
| int
| main ()
| {
| 
| 	time_t	ticks;
| 	int	ret;
| 	char	buff[16];
| 	ticks = time(NULL);
| 	ret = strftime(buff, 15, "%z", localtime(&ticks));
| 	if (ret != 5) {
| 		return 1;
| 	}
| 	if (buff[0] != '+' && buff[0] != '-') {
| 		return 1;
| 	}
| 	return 0;
|   ;
|   return 0;
| }
configure:26565: gcc -o conftest.exe -g -O2   conftest.c -lpdcurses -lgmp  >&5
configure:26568: $? = 0
configure:26570: ./conftest.exe
configure:26573: $? = 1
configure: program exited with status 1
configure: failed program was:
| /* confdefs.h.  */
| 
| #define PACKAGE_NAME "GNU Cobol"
| #define PACKAGE_TARNAME "gnu-cobol"
| #define PACKAGE_VERSION "1.1"
| #define PACKAGE_STRING "GNU Cobol 1.1"
| #define PACKAGE_BUGREPORT "open-cobol-list@lists.sourceforge.net"
| #define PACKAGE "gnu-cobol"
| #define VERSION "1.1"
| #define __USE_STRING_INLINES 1
| #define STDC_HEADERS 1
| #define HAVE_SYS_TYPES_H 1
| #define HAVE_SYS_STAT_H 1
| #define HAVE_STDLIB_H 1
| #define HAVE_STRING_H 1
| #define HAVE_MEMORY_H 1
| #define HAVE_STRINGS_H 1
| #define HAVE_INTTYPES_H 1
| #define HAVE_STDINT_H 1
| #define HAVE_UNISTD_H 1
| #define WITH_DB 3
| #define PATCH_LEVEL 0
| #define WITH_VARSEQ 0
| #define HAVE_DLFCN_H 1
| #define STDC_HEADERS 1
| #define HAVE_STDINT_H 1
| #define HAVE_SYS_TYPES_H 1
| #define HAVE_SIGNAL_H 1
| #define HAVE_FCNTL_H 1
| #define HAVE_MALLOC_H 1
| #define HAVE_LOCALE_H 1
| #define HAVE_STDDEF_H 1
| #define HAVE_WCHAR_H 1
| #define HAVE_DLFCN_H 1
| #define HAVE_SYS_TIME_H 1
| #define COB_HAS_INLINE 1
| #define HAVE_ALLOCA 1
| #define HAVE_VPRINTF 1
| #define HAVE_MEMMOVE 1
| #define HAVE_MEMSET 1
| #define HAVE_SETLOCALE 1
| #define HAVE_STRERROR 1
| #define HAVE_STRCASECMP 1
| #define HAVE_STRCHR 1
| #define HAVE_STRRCHR 1
| #define HAVE_STRDUP 1
| #define HAVE_STRSTR 1
| #define HAVE_STRTOL 1
| #define HAVE_GETTIMEOFDAY 1
| #define HAVE_TIMEZONE 1
| #define HAVE_GETOPT_H 1
| #define HAVE_GMP_H 1
| #define HAVE_LIBGMP 1
| #define HAVE_LIBPDCURSES 1
| #define HAVE_PDCURSES_H 1
| #define HAVE_COLOR_SET 1
| #define USE_DB41 1
| /* end confdefs.h.  */
| 
| int
| main ()
| {
| 
| 	if (sizeof(long int) == sizeof(long long))
| 		return 0;
| 	return 1;
| 
|   ;
|   return 0;
| }
configure:26680: gcc -c  -O2 -finline-functions -Wno-pointer-sign  conftest.c >&5
configure:26686: $? = 0
configure:26690: test -z 
			 || test ! -s conftest.err
configure:26693: $? = 0
configure:26696: test -s conftest.o
configure:26699: $? = 0
configure:26730: gcc -c  -O2 -finline-functions  conftest.c >&5
configure:26736: $? = 0
configure:26740: test -z 
			 || test ! -s conftest.err
configure:26743: $? = 0
configure:26746: test -s conftest.o
configure:26749: $? = 0
configure:27023: creating ./config.status

## ---------------------- ##
## Running config.status. ##
## ---------------------- ##

This file was extended by GNU Cobol config.status 1.1, which was
generated by GNU Autoconf 2.59.  Invocation command line was

  CONFIG_FILES    = 
  CONFIG_HEADERS  = 
  CONFIG_LINKS    = 
  CONFIG_COMMANDS = 
  $ ./config.status 

on Soprano

config.status:771: creating bin/cob-config
config.status:771: creating Makefile
config.status:771: creating lib/Makefile
config.status:771: creating libcob/Makefile
config.status:771: creating cobc/Makefile
config.status:771: creating bin/Makefile
config.status:771: creating po/Makefile.in
config.status:771: creating texi/Makefile
config.status:771: creating config/Makefile
config.status:771: creating copy/Makefile
config.status:771: creating tests/atlocal
config.status:771: creating tests/Makefile
config.status:771: creating tests/cobol85/Makefile
config.status:771: creating extras/Makefile
config.status:875: creating config.h
config.status:1273: executing tests/atconfig commands
config.status:1273: executing depfiles commands
config.status:1273: executing default-1 commands
config.status:1273: executing chmod1 commands
config.status:1273: executing chmod2 commands
config.status:1273: executing chmod3 commands

## ---------------- ##
## Cache variables. ##
## ---------------- ##

ac_cv_build=i686-pc-mingw32
ac_cv_build_alias=i686-pc-mingw32
ac_cv_c_bigendian=no
ac_cv_c_compiler_gnu=yes
ac_cv_c_const=yes
ac_cv_c_inline=inline
ac_cv_env_CC_set=
ac_cv_env_CC_value=
ac_cv_env_CFLAGS_set=
ac_cv_env_CFLAGS_value=
ac_cv_env_CPPFLAGS_set=
ac_cv_env_CPPFLAGS_value=
ac_cv_env_CPP_set=
ac_cv_env_CPP_value=
ac_cv_env_CXXCPP_set=
ac_cv_env_CXXCPP_value=
ac_cv_env_LDFLAGS_set=
ac_cv_env_LDFLAGS_value=
ac_cv_env_build_alias_set=
ac_cv_env_build_alias_value=
ac_cv_env_host_alias_set=
ac_cv_env_host_alias_value=
ac_cv_env_target_alias_set=
ac_cv_env_target_alias_value=
ac_cv_exeext=.exe
ac_cv_func__doprnt=no
ac_cv_func_alloca_works=yes
ac_cv_func_fcntl=no
ac_cv_func_getopt_long_only=yes
ac_cv_func_gettimeofday=yes
ac_cv_func_memmove=yes
ac_cv_func_memset=yes
ac_cv_func_setlocale=yes
ac_cv_func_strcasecmp=yes
ac_cv_func_strchr=yes
ac_cv_func_strdup=yes
ac_cv_func_strerror=yes
ac_cv_func_strrchr=yes
ac_cv_func_strstr=yes
ac_cv_func_strtol=yes
ac_cv_func_vprintf=yes
ac_cv_header_dlfcn_h=yes
ac_cv_header_fcntl_h=yes
ac_cv_header_getopt_h=yes
ac_cv_header_gmp_h=yes
ac_cv_header_inttypes_h=yes
ac_cv_header_kpathsea_getopt_h=no
ac_cv_header_locale_h=yes
ac_cv_header_malloc_h=yes
ac_cv_header_memory_h=yes
ac_cv_header_pdcurses_h=yes
ac_cv_header_signal_h=yes
ac_cv_header_stdc=yes
ac_cv_header_stddef_h=yes
ac_cv_header_stdint_h=yes
ac_cv_header_stdlib_h=yes
ac_cv_header_string_h=yes
ac_cv_header_strings_h=yes
ac_cv_header_sys_stat_h=yes
ac_cv_header_sys_time_h=yes
ac_cv_header_sys_types_h=yes
ac_cv_header_unistd_h=yes
ac_cv_header_wchar_h=yes
ac_cv_host=i686-pc-mingw32
ac_cv_host_alias=i686-pc-mingw32
ac_cv_lib_gmp___gmpz_init=yes
ac_cv_lib_ncurses_initscr=no
ac_cv_lib_pdcurses_initscr=yes
ac_cv_objext=o
ac_cv_path_GMSGFMT=:
ac_cv_path_MSGFMT=:
ac_cv_path_MSGMERGE=:
ac_cv_path_XGETTEXT=:
ac_cv_path_install='/bin/install -c'
ac_cv_prog_AWK=gawk
ac_cv_prog_CPP='gcc -E'
ac_cv_prog_ac_ct_AR=ar
ac_cv_prog_ac_ct_AS=as
ac_cv_prog_ac_ct_CC=gcc
ac_cv_prog_ac_ct_DLLTOOL=dlltool
ac_cv_prog_ac_ct_OBJDUMP=objdump
ac_cv_prog_ac_ct_RANLIB=ranlib
ac_cv_prog_ac_ct_STRIP=strip
ac_cv_prog_cc_g=yes
ac_cv_prog_cc_stdc=
ac_cv_prog_egrep='grep -E'
ac_cv_prog_make_make_set=yes
ac_cv_struct_tm=time.h
ac_cv_type_size_t=yes
ac_cv_working_alloca_h=no
acl_cv_hardcode_direct=no
acl_cv_hardcode_libdir_flag_spec='${wl}-rpath ${wl}$libdir'
acl_cv_hardcode_libdir_separator=
acl_cv_hardcode_minus_L=no
acl_cv_libext=a
acl_cv_path_LD=D:/dev/mingw/mingw32/bin/ld.exe
acl_cv_prog_gnu_ld=yes
acl_cv_rpath=done
acl_cv_shlibext=dll
acl_cv_wl=-Wl,
am_cv_CC_dependencies_compiler_type=gcc3
am_cv_func_iconv='no, consider installing GNU libiconv'
am_cv_langinfo_codeset=no
am_cv_lib_iconv=no
gt_cv_func_gnugettext1_libc=no
gt_cv_func_gnugettext1_libintl=no
lt_cv_deplibs_check_method='file_magic ^x86 archive import|^x86 DLL'
lt_cv_dlopen=LoadLibrary
lt_cv_dlopen_libs=
lt_cv_file_magic_cmd=func_win32_libid
lt_cv_file_magic_test_file=
lt_cv_ld_reload_flag=-r
lt_cv_objdir=.libs
lt_cv_path_LD=D:/dev/mingw/mingw32/bin/ld.exe
lt_cv_path_NM=/mingw/bin/nm
lt_cv_path_SED=/bin/sed
lt_cv_prog_compiler_c_o=yes
lt_cv_prog_compiler_rtti_exceptions=no
lt_cv_prog_gnu_ld=yes
lt_cv_sys_global_symbol_pipe='sed -n -e '\''s/^.*[ 	]\([ABCDGIRSTW][ABCDGIRSTW]*\)[ 	][ 	]*_\([_A-Za-z][_A-Za-z0-9]*\)
\{0,1\}$/\1 _\2 \2/p'\'''
lt_cv_sys_global_symbol_to_c_name_address='sed -n -e '\''s/^: \([^ ]*\) $/  {\"\1\", (lt_ptr) 0},/p'\'' -e '\''s/^[BCDEGRST] \([^ ]*\) \([^ ]*\)$/  {"\2", (lt_ptr) \&\2},/p'\'''
lt_cv_sys_global_symbol_to_cdecl='sed -n -e '\''s/^. .* \(.*\)$/extern int \1;/p'\'''
lt_cv_sys_max_cmd_len=8192
lt_lt_cv_prog_compiler_c_o='"yes"'
lt_lt_cv_sys_global_symbol_pipe='"sed -n -e '\''s/^.*[ 	]\\([ABCDGIRSTW][ABCDGIRSTW]*\\)[ 	][ 	]*_\\([_A-Za-z][_A-Za-z0-9]*\\)
\\{0,1\\}\$/\\1 _\\2 \\2/p'\''"'
lt_lt_cv_sys_global_symbol_to_c_name_address='"sed -n -e '\''s/^: \\([^ ]*\\) \$/  {\\\"\\1\\\", (lt_ptr) 0},/p'\'' -e '\''s/^[BCDEGRST] \\([^ ]*\\) \\([^ ]*\\)\$/  {\"\\2\", (lt_ptr) \\&\\2},/p'\''"'
lt_lt_cv_sys_global_symbol_to_cdecl='"sed -n -e '\''s/^. .* \\(.*\\)\$/extern int \\1;/p'\''"'

## ----------------- ##
## Output variables. ##
## ----------------- ##

ACLOCAL='${SHELL} /mingw/own_build/gnu-cobol-1.1/missing --run aclocal-1.9'
ALLOCA=''
AMDEPBACKSLASH='\'
AMDEP_FALSE='#'
AMDEP_TRUE=''
AMTAR='${SHELL} /mingw/own_build/gnu-cobol-1.1/missing --run tar'
AR='ar'
AS='as'
AUTOCONF='${SHELL} /mingw/own_build/gnu-cobol-1.1/missing --run autoconf'
AUTOHEADER='${SHELL} /mingw/own_build/gnu-cobol-1.1/missing --run autoheader'
AUTOMAKE='${SHELL} /mingw/own_build/gnu-cobol-1.1/missing --run automake-1.9'
AWK='gawk'
CC='gcc'
CCDEPMODE='depmode=gcc3'
CFLAGS=' -O2 -finline-functions -fsigned-char -Wall -Wwrite-strings -Wmissing-prototypes -Wno-format-y2k'
COBC_LIBS=''
COB_BIGENDIAN='no'
COB_CC='gcc'
COB_CFLAGS='-I/mingw/include  '
COB_CONFIG_DIR='${prefix}/share/gnu-cobol/config'
COB_COPY_DIR='${prefix}/share/gnu-cobol/copy'
COB_EXPORT_DYN='-Wl,--export-all-symbols -Wl,--enable-auto-import'
COB_FIX_LIB='-Wl,--export-all-symbols -Wl,--enable-auto-import'
COB_HAS_INLINE=''
COB_HAS_ISAM='yes'
COB_LDFLAGS=''
COB_LIBRARY_PATH='${exec_prefix}/lib/gnu-cobol'
COB_LIBS='-L${exec_prefix}/lib -lcob -lm -lgmp -lpdcurses -ldb-6.1'
COB_MODULE_EXT='dll'
COB_PIC_FLAGS='-DDLL_EXPORT -DPIC'
COB_SHARED_OPT='-shared'
CPP='gcc -E'
CPPFLAGS=''
CXXCPP=''
CYGPATH_W='echo'
DEFS='-DHAVE_CONFIG_H'
DEPDIR='.deps'
DLLTOOL='dlltool'
ECHO='echo'
ECHO_C=''
ECHO_N='-n'
ECHO_T=''
EGREP='grep -E'
EXEEXT='.exe'
GMSGFMT=':'
INSTALL_DATA='${INSTALL} -m 644'
INSTALL_PROGRAM='${INSTALL}'
INSTALL_SCRIPT='${INSTALL}'
INSTALL_STRIP_PROGRAM='${SHELL} $(install_sh) -c -s'
INTLLIBS=''
LDFLAGS=''
LIBCOB_CFLAGS=''
LIBCOB_LIBS='-lm -lgmp -lpdcurses -ldb-6.1'
LIBICONV=''
LIBINTL=''
LIBOBJS=''
LIBS=''
LIBTOOL='$(SHELL) $(top_builddir)/libtool'
LN_S='ln -s'
LTLIBICONV=''
LTLIBINTL=''
LTLIBOBJS=''
MAINT='#'
MAINTAINER_MODE_FALSE=''
MAINTAINER_MODE_TRUE='#'
MAKEINFO='${SHELL} /mingw/own_build/gnu-cobol-1.1/missing --run makeinfo'
MKINSTALLDIRS='$(top_builddir)/./mkinstalldirs'
MSGFMT=':'
MSGMERGE=':'
OBJDUMP='objdump'
OBJEXT='o'
PACKAGE='gnu-cobol'
PACKAGE_BUGREPORT='open-cobol-list@lists.sourceforge.net'
PACKAGE_NAME='GNU Cobol'
PACKAGE_STRING='GNU Cobol 1.1'
PACKAGE_TARNAME='gnu-cobol'
PACKAGE_VERSION='1.1'
PATH_SEPARATOR=':'
POSUB=''
RANLIB='ranlib'
SED='/bin/sed'
SET_MAKE=''
SHELL='/bin/sh'
STRIP='strip'
USE_NLS='no'
VERSION='1.1'
XGETTEXT=':'
ac_ct_AR='ar'
ac_ct_AS='as'
ac_ct_CC='gcc'
ac_ct_DLLTOOL='dlltool'
ac_ct_OBJDUMP='objdump'
ac_ct_RANLIB='ranlib'
ac_ct_STRIP='strip'
am__fastdepCC_FALSE='#'
am__fastdepCC_TRUE=''
am__include='include'
am__leading_dot='.'
am__quote=''
am__tar='${AMTAR} chof - "$$tardir"'
am__untar='${AMTAR} xf -'
bindir='${exec_prefix}/bin'
build='i686-pc-mingw32'
build_alias=''
build_cpu='i686'
build_os='mingw32'
build_vendor='pc'
datadir='${prefix}/share'
exec_prefix='${prefix}'
host='i686-pc-mingw32'
host_alias=''
host_cpu='i686'
host_os='mingw32'
host_vendor='pc'
includedir='${prefix}/include'
infodir='${prefix}/info'
install_sh='/mingw/own_build/gnu-cobol-1.1/install-sh'
libdir='${exec_prefix}/lib'
libexecdir='${exec_prefix}/libexec'
localstatedir='${prefix}/var'
mandir='${prefix}/man'
mkdir_p='mkdir -p --'
oldincludedir='/usr/include'
prefix='/mingw'
program_transform_name='s,x,x,'
sbindir='${exec_prefix}/sbin'
sharedstatedir='${prefix}/com'
sysconfdir='${prefix}/etc'
target_alias=''

## ----------- ##
## confdefs.h. ##
## ----------- ##

#define COB_EXEEXT ".exe"
#define COB_EXPORT_DYN "-Wl,--export-all-symbols -Wl,--enable-auto-import"
#define COB_EXTRA_FLAGS ""
#define COB_HAS_INLINE 1
#define COB_NO_SELFOPEN 1
#define COB_PIC_FLAGS "-DDLL_EXPORT -DPIC"
#define COB_SHARED_OPT "-shared"
#define COB_STRIP_CMD "strip --strip-unneeded"
#define HAVE_ALLOCA 1
#define HAVE_ATTRIBUTE_ALIGNED 1
#define HAVE_COLOR_SET 1
#define HAVE_DLFCN_H 1
#define HAVE_DLFCN_H 1
#define HAVE_FCNTL_H 1
#define HAVE_GETOPT_H 1
#define HAVE_GETTIMEOFDAY 1
#define HAVE_GMP_H 1
#define HAVE_INTTYPES_H 1
#define HAVE_LIBGMP 1
#define HAVE_LIBPDCURSES 1
#define HAVE_LOCALE_H 1
#define HAVE_MALLOC_H 1
#define HAVE_MEMMOVE 1
#define HAVE_MEMORY_H 1
#define HAVE_MEMSET 1
#define HAVE_PDCURSES_H 1
#define HAVE_PSIGN_OPT 1
#define HAVE_SETLOCALE 1
#define HAVE_SIGNAL_H 1
#define HAVE_STDDEF_H 1
#define HAVE_STDINT_H 1
#define HAVE_STDINT_H 1
#define HAVE_STDLIB_H 1
#define HAVE_STRCASECMP 1
#define HAVE_STRCHR 1
#define HAVE_STRDUP 1
#define HAVE_STRERROR 1
#define HAVE_STRINGS_H 1
#define HAVE_STRING_H 1
#define HAVE_STRRCHR 1
#define HAVE_STRSTR 1
#define HAVE_STRTOL 1
#define HAVE_SYS_STAT_H 1
#define HAVE_SYS_TIME_H 1
#define HAVE_SYS_TYPES_H 1
#define HAVE_SYS_TYPES_H 1
#define HAVE_TIMEZONE 1
#define HAVE_UNISTD_H 1
#define HAVE_VPRINTF 1
#define HAVE_WCHAR_H 1
#define PACKAGE "gnu-cobol"
#define PACKAGE_BUGREPORT "open-cobol-list@lists.sourceforge.net"
#define PACKAGE_NAME "GNU Cobol"
#define PACKAGE_STRING "GNU Cobol 1.1"
#define PACKAGE_TARNAME "gnu-cobol"
#define PACKAGE_VERSION "1.1"
#define PATCH_LEVEL 0
#define STDC_HEADERS 1
#define STDC_HEADERS 1
#define USE_DB41 1
#define VERSION "1.1"
#define WITH_DB 3
#define WITH_VARSEQ 0
#define __USE_STRING_INLINES 1

configure: exit 0
